TpTrace Verbose: 0 : 14680, 1, 2024/04/02, 13:23:17.687, 104204273476, vstest.console.dll, Version: 17.8.0-release-23523-03 Current process architecture: X64
TpTrace Verbose: 0 : 14680, 1, 2024/04/02, 13:23:17.693, 104204330704, vstest.console.dll, Runtime location: C:\Program Files\dotnet\shared\Microsoft.NETCore.App\8.0.0
TpTrace Verbose: 0 : 14680, 1, 2024/04/02, 13:23:17.698, 104204380862, vstest.console.dll, ArtifactProcessingPostProcessModeProcessorExecutor.Initialize: ArtifactProcessingMode.Collect
TpTrace Verbose: 0 : 14680, 1, 2024/04/02, 13:23:17.698, 104204382738, vstest.console.dll, TestSessionCorrelationIdProcessorModeProcessorExecutor.Initialize: TestSessionCorrelationId '5524_7e1a6ad2-4bf5-4aa3-8bfb-a21d0c4561e2'
TpTrace Information: 0 : 14680, 1, 2024/04/02, 13:23:17.711, 104204505597, vstest.console.dll, FilePatternParser: The given file D:\BackEndMarch\12-Continuous-Integration-II-Resources\02-House-Renting-System-App\HouseRentingSystem.Tests\bin\Debug\net6.0\fine-code-coverage\build-output\HouseRentingSystem.Tests.dll is a full path.
TpTrace Verbose: 0 : 14680, 1, 2024/04/02, 13:23:17.729, 104204685614, vstest.console.dll, TestPluginCache.DiscoverTestExtensions: finding test extensions in assemblies ends with: RuntimeProvider.dll TPluginInfo: Microsoft.VisualStudio.TestPlatform.Common.ExtensionFramework.Utilities.TestRuntimePluginInformation TExtension: Microsoft.VisualStudio.TestPlatform.ObjectModel.Host.ITestRuntimeProvider
TpTrace Verbose: 0 : 14680, 1, 2024/04/02, 13:23:17.729, 104204690083, vstest.console.dll, TestPluginCache.GetExtensionPaths: Filtered extension paths: 
TpTrace Verbose: 0 : 14680, 1, 2024/04/02, 13:23:17.729, 104204691086, vstest.console.dll, TestPluginCache.GetExtensionPaths: Added default extension paths: C:\Program Files\dotnet\sdk\8.0.100\Extensions\Microsoft.Diagnostics.NETCore.Client.dll
C:\Program Files\dotnet\sdk\8.0.100\Extensions\Microsoft.TestPlatform.Extensions.BlameDataCollector.dll
C:\Program Files\dotnet\sdk\8.0.100\Extensions\Microsoft.TestPlatform.Extensions.EventLogCollector.dll
C:\Program Files\dotnet\sdk\8.0.100\Extensions\Microsoft.TestPlatform.TestHostRuntimeProvider.dll
C:\Program Files\dotnet\sdk\8.0.100\Extensions\Microsoft.VisualStudio.TestPlatform.Extensions.Html.TestLogger.dll
C:\Program Files\dotnet\sdk\8.0.100\Extensions\Microsoft.VisualStudio.TestPlatform.Extensions.Trx.TestLogger.dll
TpTrace Verbose: 0 : 14680, 1, 2024/04/02, 13:23:17.729, 104204691527, vstest.console.dll, TestPluginCache.GetExtensionPaths: Added unfilterableExtensionPaths: 
TpTrace Information: 0 : 14680, 1, 2024/04/02, 13:23:17.730, 104204702797, vstest.console.dll, AssemblyResolver.ctor: Creating AssemblyResolver with searchDirectories C:\Program Files\dotnet\sdk\8.0.100\Extensions,C:\Program Files\dotnet\sdk\8.0.100
TpTrace Verbose: 0 : 14680, 1, 2024/04/02, 13:23:17.734, 104204734492, vstest.console.dll, TestPluginCache.DiscoverTestExtensions: Discovering the extensions using extension path.
TpTrace Verbose: 0 : 14680, 1, 2024/04/02, 13:23:17.734, 104204737661, vstest.console.dll, TestPluginCache.GetExtensionPaths: Filtered extension paths: 
TpTrace Verbose: 0 : 14680, 1, 2024/04/02, 13:23:17.734, 104204738405, vstest.console.dll, TestPluginCache.GetExtensionPaths: Added default extension paths: C:\Program Files\dotnet\sdk\8.0.100\Extensions\Microsoft.Diagnostics.NETCore.Client.dll
C:\Program Files\dotnet\sdk\8.0.100\Extensions\Microsoft.TestPlatform.Extensions.BlameDataCollector.dll
C:\Program Files\dotnet\sdk\8.0.100\Extensions\Microsoft.TestPlatform.Extensions.EventLogCollector.dll
C:\Program Files\dotnet\sdk\8.0.100\Extensions\Microsoft.TestPlatform.TestHostRuntimeProvider.dll
C:\Program Files\dotnet\sdk\8.0.100\Extensions\Microsoft.VisualStudio.TestPlatform.Extensions.Html.TestLogger.dll
C:\Program Files\dotnet\sdk\8.0.100\Extensions\Microsoft.VisualStudio.TestPlatform.Extensions.Trx.TestLogger.dll
TpTrace Verbose: 0 : 14680, 1, 2024/04/02, 13:23:17.734, 104204739030, vstest.console.dll, TestPluginCache.GetExtensionPaths: Added unfilterableExtensionPaths: 
TpTrace Verbose: 0 : 14680, 1, 2024/04/02, 13:23:17.734, 104204740316, vstest.console.dll, TestPluginCache.DiscoverTestExtensions: Discovering the extensions using allExtensionPaths: C:\Program Files\dotnet\sdk\8.0.100\Extensions\Microsoft.Diagnostics.NETCore.Client.dll
C:\Program Files\dotnet\sdk\8.0.100\Extensions\Microsoft.TestPlatform.Extensions.BlameDataCollector.dll
C:\Program Files\dotnet\sdk\8.0.100\Extensions\Microsoft.TestPlatform.Extensions.EventLogCollector.dll
C:\Program Files\dotnet\sdk\8.0.100\Extensions\Microsoft.TestPlatform.TestHostRuntimeProvider.dll
C:\Program Files\dotnet\sdk\8.0.100\Extensions\Microsoft.VisualStudio.TestPlatform.Extensions.Html.TestLogger.dll
C:\Program Files\dotnet\sdk\8.0.100\Extensions\Microsoft.VisualStudio.TestPlatform.Extensions.Trx.TestLogger.dll
TpTrace Information: 0 : 14680, 1, 2024/04/02, 13:23:17.734, 104204741621, vstest.console.dll, AssemblyResolver.AddSearchDirectories: Adding more searchDirectories C:\Program Files\dotnet\sdk\8.0.100\Extensions,C:\Program Files\dotnet\sdk\8.0.100
TpTrace Information: 0 : 14680, 1, 2024/04/02, 13:23:17.734, 104204742270, vstest.console.dll, AssemblyResolver.AddSearchDirectories: Adding more searchDirectories C:\Program Files\dotnet\sdk\8.0.100\Extensions,C:\Program Files\dotnet\sdk\8.0.100
TpTrace Information: 0 : 14680, 1, 2024/04/02, 13:23:17.734, 104204742686, vstest.console.dll, AssemblyResolver.AddSearchDirectories: Adding more searchDirectories C:\Program Files\dotnet\sdk\8.0.100\Extensions,C:\Program Files\dotnet\sdk\8.0.100
TpTrace Information: 0 : 14680, 1, 2024/04/02, 13:23:17.734, 104204743129, vstest.console.dll, AssemblyResolver.AddSearchDirectories: Adding more searchDirectories C:\Program Files\dotnet\sdk\8.0.100\Extensions,C:\Program Files\dotnet\sdk\8.0.100
TpTrace Information: 0 : 14680, 1, 2024/04/02, 13:23:17.734, 104204743494, vstest.console.dll, AssemblyResolver.AddSearchDirectories: Adding more searchDirectories C:\Program Files\dotnet\sdk\8.0.100\Extensions,C:\Program Files\dotnet\sdk\8.0.100
TpTrace Information: 0 : 14680, 1, 2024/04/02, 13:23:17.734, 104204743851, vstest.console.dll, AssemblyResolver.AddSearchDirectories: Adding more searchDirectories C:\Program Files\dotnet\sdk\8.0.100\Extensions,C:\Program Files\dotnet\sdk\8.0.100
TpTrace Information: 0 : 14680, 1, 2024/04/02, 13:23:17.736, 104204757648, vstest.console.dll, AssemblyResolver.OnResolve: Microsoft.Diagnostics.NETCore.Client: Resolving assembly.
TpTrace Information: 0 : 14680, 1, 2024/04/02, 13:23:17.736, 104204758966, vstest.console.dll, AssemblyResolver.OnResolve: Microsoft.Diagnostics.NETCore.Client: Searching in: 'C:\Program Files\dotnet\sdk\8.0.100\Extensions'.
TpTrace Information: 0 : 14680, 1, 2024/04/02, 13:23:17.764, 104205036666, vstest.console.dll, AssemblyResolver.OnResolve: Microsoft.Diagnostics.NETCore.Client: Loading assembly 'C:\Program Files\dotnet\sdk\8.0.100\Extensions\Microsoft.Diagnostics.NETCore.Client.dll'.
TpTrace Information: 0 : 14680, 1, 2024/04/02, 13:23:17.767, 104205072411, vstest.console.dll, AssemblyResolver.OnResolve: Resolved assembly: Microsoft.Diagnostics.NETCore.Client, from path: C:\Program Files\dotnet\sdk\8.0.100\Extensions\Microsoft.Diagnostics.NETCore.Client.dll
TpTrace Verbose: 0 : 14680, 1, 2024/04/02, 13:23:17.773, 104205132899, vstest.console.dll, MetadataReaderExtensionsHelper: Discovering extensions inside assembly 'Microsoft.Diagnostics.NETCore.Client, Version=0.2.8.21101, Culture=neutral, PublicKeyToken=31bf3856ad364e35' file path 'C:\Program Files\dotnet\sdk\8.0.100\Extensions\Microsoft.Diagnostics.NETCore.Client.dll'
TpTrace Information: 0 : 14680, 1, 2024/04/02, 13:23:17.779, 104205185600, vstest.console.dll, AssemblyResolver.OnResolve: Microsoft.Bcl.AsyncInterfaces: Resolving assembly.
TpTrace Information: 0 : 14680, 1, 2024/04/02, 13:23:17.779, 104205186848, vstest.console.dll, AssemblyResolver.OnResolve: Microsoft.Bcl.AsyncInterfaces: Searching in: 'C:\Program Files\dotnet\sdk\8.0.100\Extensions'.
TpTrace Information: 0 : 14680, 1, 2024/04/02, 13:23:17.779, 104205188058, vstest.console.dll, AssemblyResolver.OnResolve: Microsoft.Bcl.AsyncInterfaces: Assembly path does not exist: 'C:\Program Files\dotnet\sdk\8.0.100\Extensions\Microsoft.Bcl.AsyncInterfaces.dll', returning.
TpTrace Information: 0 : 14680, 1, 2024/04/02, 13:23:17.779, 104205189352, vstest.console.dll, AssemblyResolver.OnResolve: Microsoft.Bcl.AsyncInterfaces: Assembly path does not exist: 'C:\Program Files\dotnet\sdk\8.0.100\Extensions\Microsoft.Bcl.AsyncInterfaces.exe', returning.
TpTrace Information: 0 : 14680, 1, 2024/04/02, 13:23:17.779, 104205189847, vstest.console.dll, AssemblyResolver.OnResolve: Microsoft.Bcl.AsyncInterfaces: Searching in: 'C:\Program Files\dotnet\sdk\8.0.100'.
TpTrace Information: 0 : 14680, 1, 2024/04/02, 13:23:17.779, 104205190630, vstest.console.dll, AssemblyResolver.OnResolve: Microsoft.Bcl.AsyncInterfaces: Assembly path does not exist: 'C:\Program Files\dotnet\sdk\8.0.100\Microsoft.Bcl.AsyncInterfaces.dll', returning.
TpTrace Information: 0 : 14680, 1, 2024/04/02, 13:23:17.779, 104205191549, vstest.console.dll, AssemblyResolver.OnResolve: Microsoft.Bcl.AsyncInterfaces: Assembly path does not exist: 'C:\Program Files\dotnet\sdk\8.0.100\Microsoft.Bcl.AsyncInterfaces.exe', returning.
TpTrace Information: 0 : 14680, 1, 2024/04/02, 13:23:17.779, 104205191939, vstest.console.dll, AssemblyResolver.OnResolve: Microsoft.Bcl.AsyncInterfaces: Failed to load assembly.
TpTrace Verbose: 0 : 14680, 1, 2024/04/02, 13:23:17.779, 104205192421, vstest.console.dll, CurrentDomainAssemblyResolve: Resolving assembly 'Microsoft.Bcl.AsyncInterfaces'.
TpTrace Information: 0 : 14680, 1, 2024/04/02, 13:23:17.779, 104205193142, vstest.console.dll, AssemblyResolver.OnResolve: Microsoft.Bcl.AsyncInterfaces: Resolving assembly.
TpTrace Information: 0 : 14680, 1, 2024/04/02, 13:23:17.779, 104205193780, vstest.console.dll, AssemblyResolver.OnResolve: Microsoft.Bcl.AsyncInterfaces: Resolved from cache.
TpTrace Verbose: 0 : 14680, 1, 2024/04/02, 13:23:17.780, 104205194771, vstest.console.dll, CurrentDomainAssemblyResolve: Resolving assembly 'Microsoft.Bcl.AsyncInterfaces'.
TpTrace Verbose: 0 : 14680, 1, 2024/04/02, 13:23:17.780, 104205195223, vstest.console.dll, CurrentDomainAssemblyResolve: Failed to resolve assembly 'Microsoft.Bcl.AsyncInterfaces'.
TpTrace Verbose: 0 : 14680, 1, 2024/04/02, 13:23:17.787, 104205266582, vstest.console.dll, CurrentDomainAssemblyResolve: Failed to resolve assembly 'Microsoft.Bcl.AsyncInterfaces'.
TpTrace Warning: 0 : 14680, 1, 2024/04/02, 13:23:17.812, 104205515789, vstest.console.dll, TestPluginDiscoverer: Failed to get types from assembly 'Microsoft.Diagnostics.NETCore.Client, Version=0.2.8.21101, Culture=neutral, PublicKeyToken=31bf3856ad364e35'. Error: System.Reflection.ReflectionTypeLoadException: Unable to load one or more of the requested types.
Could not load file or assembly 'Microsoft.Bcl.AsyncInterfaces, Version=1.0.0.0, Culture=neutral, PublicKeyToken=cc7b13ffcd2ddd51'. The system cannot find the file specified.
   at System.Reflection.RuntimeModule.GetTypes(RuntimeModule module)
   at System.Reflection.RuntimeModule.GetTypes()
   at Microsoft.VisualStudio.TestPlatform.Common.ExtensionFramework.TestPluginDiscoverer.GetTestExtensionsFromAssembly[TPluginInfo,TExtension](Assembly assembly, Dictionary`2 pluginInfos, String filePath) in /_/src/Microsoft.TestPlatform.Common/ExtensionFramework/TestPluginDiscoverer.cs:line 158
System.IO.FileNotFoundException: Could not load file or assembly 'Microsoft.Bcl.AsyncInterfaces, Version=1.0.0.0, Culture=neutral, PublicKeyToken=cc7b13ffcd2ddd51'. The system cannot find the file specified.
File name: 'Microsoft.Bcl.AsyncInterfaces, Version=1.0.0.0, Culture=neutral, PublicKeyToken=cc7b13ffcd2ddd51'
 ---> System.IO.FileNotFoundException: Could not load file or assembly 'Microsoft.Bcl.AsyncInterfaces, Culture=neutral, PublicKeyToken=null'. The system cannot find the file specified.
File name: 'Microsoft.Bcl.AsyncInterfaces, Culture=neutral, PublicKeyToken=null'
   at System.Reflection.RuntimeAssembly.InternalLoad(AssemblyName assemblyName, StackCrawlMark& stackMark, AssemblyLoadContext assemblyLoadContext, RuntimeAssembly requestingAssembly, Boolean throwOnFileNotFound)
   at System.Reflection.Assembly.Load(AssemblyName assemblyRef)
   at Microsoft.VisualStudio.TestPlatform.Common.ExtensionFramework.TestPluginCache.CurrentDomainAssemblyResolve(Object sender, AssemblyResolveEventArgs args) in /_/src/Microsoft.TestPlatform.Common/ExtensionFramework/TestPluginCache.cs:line 513
   at System.Runtime.Loader.AssemblyLoadContext.GetFirstResolvedAssemblyFromResolvingEvent(AssemblyName assemblyName)
   at System.Runtime.Loader.AssemblyLoadContext.ResolveUsingEvent(AssemblyName assemblyName)
   at System.Runtime.Loader.AssemblyLoadContext.ResolveUsingResolvingEvent(IntPtr gchManagedAssemblyLoadContext, AssemblyName assemblyName)
TpTrace Warning: 0 : 14680, 1, 2024/04/02, 13:23:17.812, 104205520312, vstest.console.dll, LoaderExceptions: System.IO.FileNotFoundException: Could not load file or assembly 'Microsoft.Bcl.AsyncInterfaces, Version=1.0.0.0, Culture=neutral, PublicKeyToken=cc7b13ffcd2ddd51'. The system cannot find the file specified.
File name: 'Microsoft.Bcl.AsyncInterfaces, Version=1.0.0.0, Culture=neutral, PublicKeyToken=cc7b13ffcd2ddd51'
 ---> System.IO.FileNotFoundException: Could not load file or assembly 'Microsoft.Bcl.AsyncInterfaces, Culture=neutral, PublicKeyToken=null'. The system cannot find the file specified.
File name: 'Microsoft.Bcl.AsyncInterfaces, Culture=neutral, PublicKeyToken=null'
   at System.Reflection.RuntimeAssembly.InternalLoad(AssemblyName assemblyName, StackCrawlMark& stackMark, AssemblyLoadContext assemblyLoadContext, RuntimeAssembly requestingAssembly, Boolean throwOnFileNotFound)
   at System.Reflection.Assembly.Load(AssemblyName assemblyRef)
   at Microsoft.VisualStudio.TestPlatform.Common.ExtensionFramework.TestPluginCache.CurrentDomainAssemblyResolve(Object sender, AssemblyResolveEventArgs args) in /_/src/Microsoft.TestPlatform.Common/ExtensionFramework/TestPluginCache.cs:line 513
   at System.Runtime.Loader.AssemblyLoadContext.GetFirstResolvedAssemblyFromResolvingEvent(AssemblyName assemblyName)
   at System.Runtime.Loader.AssemblyLoadContext.ResolveUsingEvent(AssemblyName assemblyName)
   at System.Runtime.Loader.AssemblyLoadContext.ResolveUsingResolvingEvent(IntPtr gchManagedAssemblyLoadContext, AssemblyName assemblyName)
TpTrace Information: 0 : 14680, 1, 2024/04/02, 13:23:17.812, 104205521846, vstest.console.dll, AssemblyResolver.OnResolve: Microsoft.TestPlatform.Extensions.BlameDataCollector: Resolving assembly.
TpTrace Information: 0 : 14680, 1, 2024/04/02, 13:23:17.812, 104205522565, vstest.console.dll, AssemblyResolver.OnResolve: Microsoft.TestPlatform.Extensions.BlameDataCollector: Searching in: 'C:\Program Files\dotnet\sdk\8.0.100\Extensions'.
TpTrace Information: 0 : 14680, 1, 2024/04/02, 13:23:17.814, 104205542958, vstest.console.dll, AssemblyResolver.OnResolve: Microsoft.TestPlatform.Extensions.BlameDataCollector: Loading assembly 'C:\Program Files\dotnet\sdk\8.0.100\Extensions\Microsoft.TestPlatform.Extensions.BlameDataCollector.dll'.
TpTrace Information: 0 : 14680, 1, 2024/04/02, 13:23:17.816, 104205558204, vstest.console.dll, AssemblyResolver.OnResolve: Resolved assembly: Microsoft.TestPlatform.Extensions.BlameDataCollector, from path: C:\Program Files\dotnet\sdk\8.0.100\Extensions\Microsoft.TestPlatform.Extensions.BlameDataCollector.dll
TpTrace Verbose: 0 : 14680, 1, 2024/04/02, 13:23:17.816, 104205559392, vstest.console.dll, MetadataReaderExtensionsHelper: Discovering extensions inside assembly 'Microsoft.TestPlatform.Extensions.BlameDataCollector, Version=15.0.0.0, Culture=neutral, PublicKeyToken=b03f5f7f11d50a3a' file path 'C:\Program Files\dotnet\sdk\8.0.100\Extensions\Microsoft.TestPlatform.Extensions.BlameDataCollector.dll'
TpTrace Information: 0 : 14680, 1, 2024/04/02, 13:23:17.818, 104205580122, vstest.console.dll, AssemblyResolver.OnResolve: Microsoft.TestPlatform.Extensions.EventLogCollector: Resolving assembly.
TpTrace Information: 0 : 14680, 1, 2024/04/02, 13:23:17.818, 104205581145, vstest.console.dll, AssemblyResolver.OnResolve: Microsoft.TestPlatform.Extensions.EventLogCollector: Searching in: 'C:\Program Files\dotnet\sdk\8.0.100\Extensions'.
TpTrace Information: 0 : 14680, 1, 2024/04/02, 13:23:17.819, 104205592084, vstest.console.dll, AssemblyResolver.OnResolve: Microsoft.TestPlatform.Extensions.EventLogCollector: Loading assembly 'C:\Program Files\dotnet\sdk\8.0.100\Extensions\Microsoft.TestPlatform.Extensions.EventLogCollector.dll'.
TpTrace Information: 0 : 14680, 1, 2024/04/02, 13:23:17.820, 104205599928, vstest.console.dll, AssemblyResolver.OnResolve: Resolved assembly: Microsoft.TestPlatform.Extensions.EventLogCollector, from path: C:\Program Files\dotnet\sdk\8.0.100\Extensions\Microsoft.TestPlatform.Extensions.EventLogCollector.dll
TpTrace Verbose: 0 : 14680, 1, 2024/04/02, 13:23:17.820, 104205600700, vstest.console.dll, MetadataReaderExtensionsHelper: Discovering extensions inside assembly 'Microsoft.TestPlatform.Extensions.EventLogCollector, Version=15.0.0.0, Culture=neutral, PublicKeyToken=b03f5f7f11d50a3a' file path 'C:\Program Files\dotnet\sdk\8.0.100\Extensions\Microsoft.TestPlatform.Extensions.EventLogCollector.dll'
TpTrace Information: 0 : 14680, 1, 2024/04/02, 13:23:17.825, 104205647387, vstest.console.dll, AssemblyResolver.OnResolve: Microsoft.TestPlatform.TestHostRuntimeProvider: Resolving assembly.
TpTrace Information: 0 : 14680, 1, 2024/04/02, 13:23:17.825, 104205648606, vstest.console.dll, AssemblyResolver.OnResolve: Microsoft.TestPlatform.TestHostRuntimeProvider: Searching in: 'C:\Program Files\dotnet\sdk\8.0.100\Extensions'.
TpTrace Information: 0 : 14680, 1, 2024/04/02, 13:23:17.827, 104205665602, vstest.console.dll, AssemblyResolver.OnResolve: Microsoft.TestPlatform.TestHostRuntimeProvider: Loading assembly 'C:\Program Files\dotnet\sdk\8.0.100\Extensions\Microsoft.TestPlatform.TestHostRuntimeProvider.dll'.
TpTrace Information: 0 : 14680, 1, 2024/04/02, 13:23:17.828, 104205679557, vstest.console.dll, AssemblyResolver.OnResolve: Resolved assembly: Microsoft.TestPlatform.TestHostRuntimeProvider, from path: C:\Program Files\dotnet\sdk\8.0.100\Extensions\Microsoft.TestPlatform.TestHostRuntimeProvider.dll
TpTrace Verbose: 0 : 14680, 1, 2024/04/02, 13:23:17.828, 104205680637, vstest.console.dll, MetadataReaderExtensionsHelper: Discovering extensions inside assembly 'Microsoft.TestPlatform.TestHostRuntimeProvider, Version=15.0.0.0, Culture=neutral, PublicKeyToken=b03f5f7f11d50a3a' file path 'C:\Program Files\dotnet\sdk\8.0.100\Extensions\Microsoft.TestPlatform.TestHostRuntimeProvider.dll'
TpTrace Information: 0 : 14680, 1, 2024/04/02, 13:23:17.831, 104205707361, vstest.console.dll, GetTestExtensionFromType: Register extension with identifier data 'HostProvider://DefaultTestHost' and type 'Microsoft.VisualStudio.TestPlatform.CrossPlatEngine.Hosting.DefaultTestHostManager, Microsoft.TestPlatform.TestHostRuntimeProvider, Version=15.0.0.0, Culture=neutral, PublicKeyToken=b03f5f7f11d50a3a' inside file 'C:\Program Files\dotnet\sdk\8.0.100\Extensions\Microsoft.TestPlatform.TestHostRuntimeProvider.dll'
TpTrace Information: 0 : 14680, 1, 2024/04/02, 13:23:17.831, 104205710561, vstest.console.dll, GetTestExtensionFromType: Register extension with identifier data 'HostProvider://DotnetTestHost' and type 'Microsoft.VisualStudio.TestPlatform.CrossPlatEngine.Hosting.DotnetTestHostManager, Microsoft.TestPlatform.TestHostRuntimeProvider, Version=15.0.0.0, Culture=neutral, PublicKeyToken=b03f5f7f11d50a3a' inside file 'C:\Program Files\dotnet\sdk\8.0.100\Extensions\Microsoft.TestPlatform.TestHostRuntimeProvider.dll'
TpTrace Information: 0 : 14680, 1, 2024/04/02, 13:23:17.831, 104205711490, vstest.console.dll, AssemblyResolver.OnResolve: Microsoft.VisualStudio.TestPlatform.Extensions.Html.TestLogger: Resolving assembly.
TpTrace Information: 0 : 14680, 1, 2024/04/02, 13:23:17.831, 104205712180, vstest.console.dll, AssemblyResolver.OnResolve: Microsoft.VisualStudio.TestPlatform.Extensions.Html.TestLogger: Searching in: 'C:\Program Files\dotnet\sdk\8.0.100\Extensions'.
TpTrace Information: 0 : 14680, 1, 2024/04/02, 13:23:17.833, 104205729735, vstest.console.dll, AssemblyResolver.OnResolve: Microsoft.VisualStudio.TestPlatform.Extensions.Html.TestLogger: Loading assembly 'C:\Program Files\dotnet\sdk\8.0.100\Extensions\Microsoft.VisualStudio.TestPlatform.Extensions.Html.TestLogger.dll'.
TpTrace Information: 0 : 14680, 1, 2024/04/02, 13:23:17.834, 104205736712, vstest.console.dll, AssemblyResolver.OnResolve: Resolved assembly: Microsoft.VisualStudio.TestPlatform.Extensions.Html.TestLogger, from path: C:\Program Files\dotnet\sdk\8.0.100\Extensions\Microsoft.VisualStudio.TestPlatform.Extensions.Html.TestLogger.dll
TpTrace Verbose: 0 : 14680, 1, 2024/04/02, 13:23:17.834, 104205737792, vstest.console.dll, MetadataReaderExtensionsHelper: Discovering extensions inside assembly 'Microsoft.VisualStudio.TestPlatform.Extensions.Html.TestLogger, Version=15.0.0.0, Culture=neutral, PublicKeyToken=b03f5f7f11d50a3a' file path 'C:\Program Files\dotnet\sdk\8.0.100\Extensions\Microsoft.VisualStudio.TestPlatform.Extensions.Html.TestLogger.dll'
TpTrace Information: 0 : 14680, 1, 2024/04/02, 13:23:17.835, 104205749856, vstest.console.dll, AssemblyResolver.OnResolve: Microsoft.VisualStudio.TestPlatform.Extensions.Trx.TestLogger: Resolving assembly.
TpTrace Information: 0 : 14680, 1, 2024/04/02, 13:23:17.835, 104205750669, vstest.console.dll, AssemblyResolver.OnResolve: Microsoft.VisualStudio.TestPlatform.Extensions.Trx.TestLogger: Searching in: 'C:\Program Files\dotnet\sdk\8.0.100\Extensions'.
TpTrace Information: 0 : 14680, 1, 2024/04/02, 13:23:17.837, 104205770410, vstest.console.dll, AssemblyResolver.OnResolve: Microsoft.VisualStudio.TestPlatform.Extensions.Trx.TestLogger: Loading assembly 'C:\Program Files\dotnet\sdk\8.0.100\Extensions\Microsoft.VisualStudio.TestPlatform.Extensions.Trx.TestLogger.dll'.
TpTrace Information: 0 : 14680, 1, 2024/04/02, 13:23:17.840, 104205795921, vstest.console.dll, AssemblyResolver.OnResolve: Resolved assembly: Microsoft.VisualStudio.TestPlatform.Extensions.Trx.TestLogger, from path: C:\Program Files\dotnet\sdk\8.0.100\Extensions\Microsoft.VisualStudio.TestPlatform.Extensions.Trx.TestLogger.dll
TpTrace Verbose: 0 : 14680, 1, 2024/04/02, 13:23:17.840, 104205796831, vstest.console.dll, MetadataReaderExtensionsHelper: Discovering extensions inside assembly 'Microsoft.VisualStudio.TestPlatform.Extensions.Trx.TestLogger, Version=15.0.0.0, Culture=neutral, PublicKeyToken=b03f5f7f11d50a3a' file path 'C:\Program Files\dotnet\sdk\8.0.100\Extensions\Microsoft.VisualStudio.TestPlatform.Extensions.Trx.TestLogger.dll'
TpTrace Verbose: 0 : 14680, 1, 2024/04/02, 13:23:17.842, 104205818483, vstest.console.dll, TestPluginCache: Discovered the extensions using extension path ''.
TpTrace Verbose: 0 : 14680, 1, 2024/04/02, 13:23:17.842, 104205820027, vstest.console.dll, TestPluginCache: Discoverers are ''.
TpTrace Verbose: 0 : 14680, 1, 2024/04/02, 13:23:17.842, 104205820391, vstest.console.dll, TestPluginCache: Executors are ''.
TpTrace Verbose: 0 : 14680, 1, 2024/04/02, 13:23:17.842, 104205820704, vstest.console.dll, TestPluginCache: Executors2 are ''.
TpTrace Verbose: 0 : 14680, 1, 2024/04/02, 13:23:17.842, 104205821007, vstest.console.dll, TestPluginCache: Setting providers are ''.
TpTrace Verbose: 0 : 14680, 1, 2024/04/02, 13:23:17.842, 104205821455, vstest.console.dll, TestPluginCache: Loggers are ''.
TpTrace Verbose: 0 : 14680, 1, 2024/04/02, 13:23:17.842, 104205823494, vstest.console.dll, TestPluginCache: TestHosts are 'HostProvider://DefaultTestHost,HostProvider://DotnetTestHost'.
TpTrace Verbose: 0 : 14680, 1, 2024/04/02, 13:23:17.842, 104205823956, vstest.console.dll, TestPluginCache: DataCollectors are ''.
TpTrace Information: 0 : 14680, 1, 2024/04/02, 13:23:17.879, 104206194055, vstest.console.dll, RunTestsArgumentProcessor:Execute: Test run is starting.
TpTrace Verbose: 0 : 14680, 1, 2024/04/02, 13:23:17.880, 104206195116, vstest.console.dll, RunTestsArgumentProcessor:Execute: Queuing Test run.
TpTrace Information: 0 : 14680, 1, 2024/04/02, 13:23:17.880, 104206198830, vstest.console.dll, TestRequestManager.RunTests: run tests started.
TpTrace Information: 0 : 14680, 1, 2024/04/02, 13:23:17.881, 104206213061, vstest.console.dll, AssemblyMetadataProvider.GetFrameworkName: Determined framework:'.NETCoreApp,Version=v6.0' for source: 'D:\BackEndMarch\12-Continuous-Integration-II-Resources\02-House-Renting-System-App\HouseRentingSystem.Tests\bin\Debug\net6.0\fine-code-coverage\build-output\HouseRentingSystem.Tests.dll'
TpTrace Information: 0 : 14680, 1, 2024/04/02, 13:23:17.882, 104206216250, vstest.console.dll, Determined framework for all sources: .NETCoreApp,Version=v6.0
TpTrace Verbose: 0 : 14680, 1, 2024/04/02, 13:23:17.882, 104206220426, vstest.console.dll, TestRequestManager.UpdateRunSettingsIfRequired: Default architecture: X64 IsDefaultTargetArchitecture: True, Current process architecture: X64 OperatingSystem: Windows.
TpTrace Information: 0 : 14680, 1, 2024/04/02, 13:23:17.884, 104206240955, vstest.console.dll, AssemblyMetadataProvider.GetArchitecture: Determined architecture:AnyCPU info for assembly: D:\BackEndMarch\12-Continuous-Integration-II-Resources\02-House-Renting-System-App\HouseRentingSystem.Tests\bin\Debug\net6.0\fine-code-coverage\build-output\HouseRentingSystem.Tests.dll
TpTrace Information: 0 : 14680, 1, 2024/04/02, 13:23:17.884, 104206241687, vstest.console.dll, Determined platform for source 'D:\BackEndMarch\12-Continuous-Integration-II-Resources\02-House-Renting-System-App\HouseRentingSystem.Tests\bin\Debug\net6.0\fine-code-coverage\build-output\HouseRentingSystem.Tests.dll' was AnyCPU and it will use the default plaform X64.
TpTrace Information: 0 : 14680, 1, 2024/04/02, 13:23:17.884, 104206242053, vstest.console.dll, None of the sources provided any runnable platform, using the default platform: X64
TpTrace Information: 0 : 14680, 1, 2024/04/02, 13:23:17.884, 104206243092, vstest.console.dll, Platform was updated to 'X64'.
TpTrace Information: 0 : 14680, 1, 2024/04/02, 13:23:17.893, 104206324280, vstest.console.dll, InferRunSettingsHelper.IsTestSettingsEnabled: Unable to navigate to RunSettings/MSTest. Current node: RunSettings
TpTrace Information: 0 : 14680, 1, 2024/04/02, 13:23:17.893, 104206332483, vstest.console.dll, AssemblyResolver.OnResolve: Microsoft.VisualStudio.TestPlatform.Fakes: Resolving assembly.
TpTrace Information: 0 : 14680, 1, 2024/04/02, 13:23:17.893, 104206333498, vstest.console.dll, AssemblyResolver.OnResolve: Microsoft.VisualStudio.TestPlatform.Fakes: Searching in: 'C:\Program Files\dotnet\sdk\8.0.100\Extensions'.
TpTrace Information: 0 : 14680, 1, 2024/04/02, 13:23:17.894, 104206335072, vstest.console.dll, AssemblyResolver.OnResolve: Microsoft.VisualStudio.TestPlatform.Fakes: Assembly path does not exist: 'C:\Program Files\dotnet\sdk\8.0.100\Extensions\Microsoft.VisualStudio.TestPlatform.Fakes.dll', returning.
TpTrace Information: 0 : 14680, 1, 2024/04/02, 13:23:17.894, 104206336302, vstest.console.dll, AssemblyResolver.OnResolve: Microsoft.VisualStudio.TestPlatform.Fakes: Assembly path does not exist: 'C:\Program Files\dotnet\sdk\8.0.100\Extensions\Microsoft.VisualStudio.TestPlatform.Fakes.exe', returning.
TpTrace Information: 0 : 14680, 1, 2024/04/02, 13:23:17.894, 104206336813, vstest.console.dll, AssemblyResolver.OnResolve: Microsoft.VisualStudio.TestPlatform.Fakes: Searching in: 'C:\Program Files\dotnet\sdk\8.0.100'.
TpTrace Information: 0 : 14680, 1, 2024/04/02, 13:23:17.894, 104206337845, vstest.console.dll, AssemblyResolver.OnResolve: Microsoft.VisualStudio.TestPlatform.Fakes: Assembly path does not exist: 'C:\Program Files\dotnet\sdk\8.0.100\Microsoft.VisualStudio.TestPlatform.Fakes.dll', returning.
TpTrace Information: 0 : 14680, 1, 2024/04/02, 13:23:17.894, 104206338848, vstest.console.dll, AssemblyResolver.OnResolve: Microsoft.VisualStudio.TestPlatform.Fakes: Assembly path does not exist: 'C:\Program Files\dotnet\sdk\8.0.100\Microsoft.VisualStudio.TestPlatform.Fakes.exe', returning.
TpTrace Information: 0 : 14680, 1, 2024/04/02, 13:23:17.894, 104206339516, vstest.console.dll, AssemblyResolver.OnResolve: Microsoft.VisualStudio.TestPlatform.Fakes: Failed to load assembly.
TpTrace Information: 0 : 14680, 1, 2024/04/02, 13:23:17.894, 104206342903, vstest.console.dll, Failed to load assembly Microsoft.VisualStudio.TestPlatform.Fakes, Version=17.0.0.0, Culture=neutral. Reason:System.IO.FileNotFoundException: Could not load file or assembly 'Microsoft.VisualStudio.TestPlatform.Fakes, Version=17.0.0.0, Culture=neutral, PublicKeyToken=null'. The system cannot find the file specified.
File name: 'Microsoft.VisualStudio.TestPlatform.Fakes, Version=17.0.0.0, Culture=neutral, PublicKeyToken=null'
   at System.Reflection.RuntimeAssembly.InternalLoad(AssemblyName assemblyName, StackCrawlMark& stackMark, AssemblyLoadContext assemblyLoadContext, RuntimeAssembly requestingAssembly, Boolean throwOnFileNotFound)
   at System.Reflection.Assembly.Load(AssemblyName assemblyRef)
   at Microsoft.VisualStudio.TestPlatform.Common.Utilities.FakesUtilities.LoadTestPlatformAssembly() in /_/src/Microsoft.TestPlatform.Common/Utilities/FakesUtilities.cs:line 272
TpTrace Verbose: 0 : 14680, 1, 2024/04/02, 13:23:17.899, 104206385266, vstest.console.dll, TestPluginCache.DiscoverTestExtensions: finding test extensions in assemblies ends with: TestLogger.dll TPluginInfo: Microsoft.VisualStudio.TestPlatform.Common.ExtensionFramework.Utilities.TestLoggerPluginInformation TExtension: Microsoft.VisualStudio.TestPlatform.ObjectModel.Client.ITestLogger
TpTrace Verbose: 0 : 14680, 1, 2024/04/02, 13:23:17.899, 104206386573, vstest.console.dll, TestPluginCache.GetExtensionPaths: Filtered extension paths: 
TpTrace Verbose: 0 : 14680, 1, 2024/04/02, 13:23:17.899, 104206387058, vstest.console.dll, TestPluginCache.GetExtensionPaths: Added default extension paths: C:\Program Files\dotnet\sdk\8.0.100\Extensions\Microsoft.Diagnostics.NETCore.Client.dll
C:\Program Files\dotnet\sdk\8.0.100\Extensions\Microsoft.TestPlatform.Extensions.BlameDataCollector.dll
C:\Program Files\dotnet\sdk\8.0.100\Extensions\Microsoft.TestPlatform.Extensions.EventLogCollector.dll
C:\Program Files\dotnet\sdk\8.0.100\Extensions\Microsoft.TestPlatform.TestHostRuntimeProvider.dll
C:\Program Files\dotnet\sdk\8.0.100\Extensions\Microsoft.VisualStudio.TestPlatform.Extensions.Html.TestLogger.dll
C:\Program Files\dotnet\sdk\8.0.100\Extensions\Microsoft.VisualStudio.TestPlatform.Extensions.Trx.TestLogger.dll
TpTrace Verbose: 0 : 14680, 1, 2024/04/02, 13:23:17.899, 104206387596, vstest.console.dll, TestPluginCache.GetExtensionPaths: Added unfilterableExtensionPaths: 
TpTrace Information: 0 : 14680, 1, 2024/04/02, 13:23:17.899, 104206389181, vstest.console.dll, AssemblyResolver.AddSearchDirectories: Adding more searchDirectories C:\Program Files\dotnet\sdk\8.0.100\Extensions,C:\Program Files\dotnet\sdk\8.0.100
TpTrace Verbose: 0 : 14680, 1, 2024/04/02, 13:23:17.899, 104206389756, vstest.console.dll, TestPluginCache.DiscoverTestExtensions: Discovering the extensions using extension path.
TpTrace Verbose: 0 : 14680, 1, 2024/04/02, 13:23:17.899, 104206390197, vstest.console.dll, TestPluginCache.GetExtensionPaths: Filtered extension paths: 
TpTrace Verbose: 0 : 14680, 1, 2024/04/02, 13:23:17.899, 104206390689, vstest.console.dll, TestPluginCache.GetExtensionPaths: Added default extension paths: C:\Program Files\dotnet\sdk\8.0.100\Extensions\Microsoft.Diagnostics.NETCore.Client.dll
C:\Program Files\dotnet\sdk\8.0.100\Extensions\Microsoft.TestPlatform.Extensions.BlameDataCollector.dll
C:\Program Files\dotnet\sdk\8.0.100\Extensions\Microsoft.TestPlatform.Extensions.EventLogCollector.dll
C:\Program Files\dotnet\sdk\8.0.100\Extensions\Microsoft.TestPlatform.TestHostRuntimeProvider.dll
C:\Program Files\dotnet\sdk\8.0.100\Extensions\Microsoft.VisualStudio.TestPlatform.Extensions.Html.TestLogger.dll
C:\Program Files\dotnet\sdk\8.0.100\Extensions\Microsoft.VisualStudio.TestPlatform.Extensions.Trx.TestLogger.dll
TpTrace Verbose: 0 : 14680, 1, 2024/04/02, 13:23:17.899, 104206391079, vstest.console.dll, TestPluginCache.GetExtensionPaths: Added unfilterableExtensionPaths: 
TpTrace Verbose: 0 : 14680, 1, 2024/04/02, 13:23:17.899, 104206391531, vstest.console.dll, TestPluginCache.DiscoverTestExtensions: Discovering the extensions using allExtensionPaths: C:\Program Files\dotnet\sdk\8.0.100\Extensions\Microsoft.Diagnostics.NETCore.Client.dll
C:\Program Files\dotnet\sdk\8.0.100\Extensions\Microsoft.TestPlatform.Extensions.BlameDataCollector.dll
C:\Program Files\dotnet\sdk\8.0.100\Extensions\Microsoft.TestPlatform.Extensions.EventLogCollector.dll
C:\Program Files\dotnet\sdk\8.0.100\Extensions\Microsoft.TestPlatform.TestHostRuntimeProvider.dll
C:\Program Files\dotnet\sdk\8.0.100\Extensions\Microsoft.VisualStudio.TestPlatform.Extensions.Html.TestLogger.dll
C:\Program Files\dotnet\sdk\8.0.100\Extensions\Microsoft.VisualStudio.TestPlatform.Extensions.Trx.TestLogger.dll
TpTrace Information: 0 : 14680, 1, 2024/04/02, 13:23:17.899, 104206392524, vstest.console.dll, AssemblyResolver.AddSearchDirectories: Adding more searchDirectories C:\Program Files\dotnet\sdk\8.0.100\Extensions,C:\Program Files\dotnet\sdk\8.0.100
TpTrace Information: 0 : 14680, 1, 2024/04/02, 13:23:17.899, 104206393121, vstest.console.dll, AssemblyResolver.AddSearchDirectories: Adding more searchDirectories C:\Program Files\dotnet\sdk\8.0.100\Extensions,C:\Program Files\dotnet\sdk\8.0.100
TpTrace Information: 0 : 14680, 1, 2024/04/02, 13:23:17.899, 104206393539, vstest.console.dll, AssemblyResolver.AddSearchDirectories: Adding more searchDirectories C:\Program Files\dotnet\sdk\8.0.100\Extensions,C:\Program Files\dotnet\sdk\8.0.100
TpTrace Information: 0 : 14680, 1, 2024/04/02, 13:23:17.899, 104206393935, vstest.console.dll, AssemblyResolver.AddSearchDirectories: Adding more searchDirectories C:\Program Files\dotnet\sdk\8.0.100\Extensions,C:\Program Files\dotnet\sdk\8.0.100
TpTrace Information: 0 : 14680, 1, 2024/04/02, 13:23:17.900, 104206394390, vstest.console.dll, AssemblyResolver.AddSearchDirectories: Adding more searchDirectories C:\Program Files\dotnet\sdk\8.0.100\Extensions,C:\Program Files\dotnet\sdk\8.0.100
TpTrace Information: 0 : 14680, 1, 2024/04/02, 13:23:17.900, 104206394844, vstest.console.dll, AssemblyResolver.AddSearchDirectories: Adding more searchDirectories C:\Program Files\dotnet\sdk\8.0.100\Extensions,C:\Program Files\dotnet\sdk\8.0.100
TpTrace Verbose: 0 : 14680, 1, 2024/04/02, 13:23:17.900, 104206396058, vstest.console.dll, MetadataReaderExtensionsHelper: Discovering extensions inside assembly 'Microsoft.Diagnostics.NETCore.Client, Version=0.2.8.21101, Culture=neutral, PublicKeyToken=31bf3856ad364e35' file path 'C:\Program Files\dotnet\sdk\8.0.100\Extensions\Microsoft.Diagnostics.NETCore.Client.dll'
TpTrace Information: 0 : 14680, 1, 2024/04/02, 13:23:17.900, 104206403806, vstest.console.dll, AssemblyResolver.OnResolve: Microsoft.Bcl.AsyncInterfaces: Resolving assembly.
TpTrace Information: 0 : 14680, 1, 2024/04/02, 13:23:17.901, 104206404443, vstest.console.dll, AssemblyResolver.OnResolve: Microsoft.Bcl.AsyncInterfaces: Resolved from cache.
TpTrace Verbose: 0 : 14680, 1, 2024/04/02, 13:23:17.901, 104206405006, vstest.console.dll, CurrentDomainAssemblyResolve: Resolving assembly 'Microsoft.Bcl.AsyncInterfaces'.
TpTrace Information: 0 : 14680, 1, 2024/04/02, 13:23:17.901, 104206405576, vstest.console.dll, AssemblyResolver.OnResolve: Microsoft.Bcl.AsyncInterfaces: Resolving assembly.
TpTrace Information: 0 : 14680, 1, 2024/04/02, 13:23:17.901, 104206405968, vstest.console.dll, AssemblyResolver.OnResolve: Microsoft.Bcl.AsyncInterfaces: Resolved from cache.
TpTrace Verbose: 0 : 14680, 1, 2024/04/02, 13:23:17.901, 104206406323, vstest.console.dll, CurrentDomainAssemblyResolve: Resolving assembly 'Microsoft.Bcl.AsyncInterfaces'.
TpTrace Verbose: 0 : 14680, 1, 2024/04/02, 13:23:17.901, 104206406666, vstest.console.dll, CurrentDomainAssemblyResolve: Failed to resolve assembly 'Microsoft.Bcl.AsyncInterfaces'.
TpTrace Verbose: 0 : 14680, 1, 2024/04/02, 13:23:17.901, 104206408305, vstest.console.dll, CurrentDomainAssemblyResolve: Failed to resolve assembly 'Microsoft.Bcl.AsyncInterfaces'.
TpTrace Warning: 0 : 14680, 1, 2024/04/02, 13:23:17.901, 104206412063, vstest.console.dll, TestPluginDiscoverer: Failed to get types from assembly 'Microsoft.Diagnostics.NETCore.Client, Version=0.2.8.21101, Culture=neutral, PublicKeyToken=31bf3856ad364e35'. Error: System.Reflection.ReflectionTypeLoadException: Unable to load one or more of the requested types.
Could not load file or assembly 'Microsoft.Bcl.AsyncInterfaces, Version=1.0.0.0, Culture=neutral, PublicKeyToken=cc7b13ffcd2ddd51'. The system cannot find the file specified.
   at System.Reflection.RuntimeModule.GetTypes(RuntimeModule module)
   at System.Reflection.RuntimeModule.GetTypes()
   at Microsoft.VisualStudio.TestPlatform.Common.ExtensionFramework.TestPluginDiscoverer.GetTestExtensionsFromAssembly[TPluginInfo,TExtension](Assembly assembly, Dictionary`2 pluginInfos, String filePath) in /_/src/Microsoft.TestPlatform.Common/ExtensionFramework/TestPluginDiscoverer.cs:line 158
System.IO.FileNotFoundException: Could not load file or assembly 'Microsoft.Bcl.AsyncInterfaces, Version=1.0.0.0, Culture=neutral, PublicKeyToken=cc7b13ffcd2ddd51'. The system cannot find the file specified.
File name: 'Microsoft.Bcl.AsyncInterfaces, Version=1.0.0.0, Culture=neutral, PublicKeyToken=cc7b13ffcd2ddd51'
 ---> System.IO.FileNotFoundException: Could not load file or assembly 'Microsoft.Bcl.AsyncInterfaces, Culture=neutral, PublicKeyToken=null'. The system cannot find the file specified.
File name: 'Microsoft.Bcl.AsyncInterfaces, Culture=neutral, PublicKeyToken=null'
   at System.Reflection.RuntimeAssembly.InternalLoad(AssemblyName assemblyName, StackCrawlMark& stackMark, AssemblyLoadContext assemblyLoadContext, RuntimeAssembly requestingAssembly, Boolean throwOnFileNotFound)
   at System.Reflection.Assembly.Load(AssemblyName assemblyRef)
   at Microsoft.VisualStudio.TestPlatform.Common.ExtensionFramework.TestPluginCache.CurrentDomainAssemblyResolve(Object sender, AssemblyResolveEventArgs args) in /_/src/Microsoft.TestPlatform.Common/ExtensionFramework/TestPluginCache.cs:line 513
   at System.Runtime.Loader.AssemblyLoadContext.GetFirstResolvedAssemblyFromResolvingEvent(AssemblyName assemblyName)
   at System.Runtime.Loader.AssemblyLoadContext.ResolveUsingEvent(AssemblyName assemblyName)
   at System.Runtime.Loader.AssemblyLoadContext.ResolveUsingResolvingEvent(IntPtr gchManagedAssemblyLoadContext, AssemblyName assemblyName)
TpTrace Warning: 0 : 14680, 1, 2024/04/02, 13:23:17.901, 104206413957, vstest.console.dll, LoaderExceptions: System.IO.FileNotFoundException: Could not load file or assembly 'Microsoft.Bcl.AsyncInterfaces, Version=1.0.0.0, Culture=neutral, PublicKeyToken=cc7b13ffcd2ddd51'. The system cannot find the file specified.
File name: 'Microsoft.Bcl.AsyncInterfaces, Version=1.0.0.0, Culture=neutral, PublicKeyToken=cc7b13ffcd2ddd51'
 ---> System.IO.FileNotFoundException: Could not load file or assembly 'Microsoft.Bcl.AsyncInterfaces, Culture=neutral, PublicKeyToken=null'. The system cannot find the file specified.
File name: 'Microsoft.Bcl.AsyncInterfaces, Culture=neutral, PublicKeyToken=null'
   at System.Reflection.RuntimeAssembly.InternalLoad(AssemblyName assemblyName, StackCrawlMark& stackMark, AssemblyLoadContext assemblyLoadContext, RuntimeAssembly requestingAssembly, Boolean throwOnFileNotFound)
   at System.Reflection.Assembly.Load(AssemblyName assemblyRef)
   at Microsoft.VisualStudio.TestPlatform.Common.ExtensionFramework.TestPluginCache.CurrentDomainAssemblyResolve(Object sender, AssemblyResolveEventArgs args) in /_/src/Microsoft.TestPlatform.Common/ExtensionFramework/TestPluginCache.cs:line 513
   at System.Runtime.Loader.AssemblyLoadContext.GetFirstResolvedAssemblyFromResolvingEvent(AssemblyName assemblyName)
   at System.Runtime.Loader.AssemblyLoadContext.ResolveUsingEvent(AssemblyName assemblyName)
   at System.Runtime.Loader.AssemblyLoadContext.ResolveUsingResolvingEvent(IntPtr gchManagedAssemblyLoadContext, AssemblyName assemblyName)
TpTrace Verbose: 0 : 14680, 1, 2024/04/02, 13:23:17.902, 104206415376, vstest.console.dll, MetadataReaderExtensionsHelper: Discovering extensions inside assembly 'Microsoft.TestPlatform.Extensions.BlameDataCollector, Version=15.0.0.0, Culture=neutral, PublicKeyToken=b03f5f7f11d50a3a' file path 'C:\Program Files\dotnet\sdk\8.0.100\Extensions\Microsoft.TestPlatform.Extensions.BlameDataCollector.dll'
TpTrace Information: 0 : 14680, 1, 2024/04/02, 13:23:17.902, 104206419990, vstest.console.dll, GetTestExtensionFromType: Register extension with identifier data 'logger://Microsoft/TestPlatform/Extensions/Blame/v1' and type 'Microsoft.TestPlatform.Extensions.BlameDataCollector.BlameLogger, Microsoft.TestPlatform.Extensions.BlameDataCollector, Version=15.0.0.0, Culture=neutral, PublicKeyToken=b03f5f7f11d50a3a' inside file 'C:\Program Files\dotnet\sdk\8.0.100\Extensions\Microsoft.TestPlatform.Extensions.BlameDataCollector.dll'
TpTrace Verbose: 0 : 14680, 1, 2024/04/02, 13:23:17.902, 104206420794, vstest.console.dll, MetadataReaderExtensionsHelper: Discovering extensions inside assembly 'Microsoft.TestPlatform.Extensions.EventLogCollector, Version=15.0.0.0, Culture=neutral, PublicKeyToken=b03f5f7f11d50a3a' file path 'C:\Program Files\dotnet\sdk\8.0.100\Extensions\Microsoft.TestPlatform.Extensions.EventLogCollector.dll'
TpTrace Verbose: 0 : 14680, 1, 2024/04/02, 13:23:17.902, 104206423771, vstest.console.dll, MetadataReaderExtensionsHelper: Discovering extensions inside assembly 'Microsoft.TestPlatform.TestHostRuntimeProvider, Version=15.0.0.0, Culture=neutral, PublicKeyToken=b03f5f7f11d50a3a' file path 'C:\Program Files\dotnet\sdk\8.0.100\Extensions\Microsoft.TestPlatform.TestHostRuntimeProvider.dll'
TpTrace Verbose: 0 : 14680, 1, 2024/04/02, 13:23:17.903, 104206426942, vstest.console.dll, MetadataReaderExtensionsHelper: Discovering extensions inside assembly 'Microsoft.VisualStudio.TestPlatform.Extensions.Html.TestLogger, Version=15.0.0.0, Culture=neutral, PublicKeyToken=b03f5f7f11d50a3a' file path 'C:\Program Files\dotnet\sdk\8.0.100\Extensions\Microsoft.VisualStudio.TestPlatform.Extensions.Html.TestLogger.dll'
TpTrace Information: 0 : 14680, 1, 2024/04/02, 13:23:17.903, 104206432093, vstest.console.dll, GetTestExtensionFromType: Register extension with identifier data 'logger://Microsoft/TestPlatform/HtmlLogger/v1' and type 'Microsoft.VisualStudio.TestPlatform.Extensions.HtmlLogger.HtmlLogger, Microsoft.VisualStudio.TestPlatform.Extensions.Html.TestLogger, Version=15.0.0.0, Culture=neutral, PublicKeyToken=b03f5f7f11d50a3a' inside file 'C:\Program Files\dotnet\sdk\8.0.100\Extensions\Microsoft.VisualStudio.TestPlatform.Extensions.Html.TestLogger.dll'
TpTrace Verbose: 0 : 14680, 1, 2024/04/02, 13:23:17.903, 104206432959, vstest.console.dll, MetadataReaderExtensionsHelper: Discovering extensions inside assembly 'Microsoft.VisualStudio.TestPlatform.Extensions.Trx.TestLogger, Version=15.0.0.0, Culture=neutral, PublicKeyToken=b03f5f7f11d50a3a' file path 'C:\Program Files\dotnet\sdk\8.0.100\Extensions\Microsoft.VisualStudio.TestPlatform.Extensions.Trx.TestLogger.dll'
TpTrace Information: 0 : 14680, 1, 2024/04/02, 13:23:17.904, 104206436737, vstest.console.dll, GetTestExtensionFromType: Register extension with identifier data 'logger://Microsoft/TestPlatform/TrxLogger/v1' and type 'Microsoft.VisualStudio.TestPlatform.Extensions.TrxLogger.TrxLogger, Microsoft.VisualStudio.TestPlatform.Extensions.Trx.TestLogger, Version=15.0.0.0, Culture=neutral, PublicKeyToken=b03f5f7f11d50a3a' inside file 'C:\Program Files\dotnet\sdk\8.0.100\Extensions\Microsoft.VisualStudio.TestPlatform.Extensions.Trx.TestLogger.dll'
TpTrace Verbose: 0 : 14680, 1, 2024/04/02, 13:23:17.904, 104206438160, vstest.console.dll, TestPluginCache: Discovered the extensions using extension path ''.
TpTrace Verbose: 0 : 14680, 1, 2024/04/02, 13:23:17.904, 104206438661, vstest.console.dll, TestPluginCache: Discoverers are ''.
TpTrace Verbose: 0 : 14680, 1, 2024/04/02, 13:23:17.904, 104206439021, vstest.console.dll, TestPluginCache: Executors are ''.
TpTrace Verbose: 0 : 14680, 1, 2024/04/02, 13:23:17.904, 104206439363, vstest.console.dll, TestPluginCache: Executors2 are ''.
TpTrace Verbose: 0 : 14680, 1, 2024/04/02, 13:23:17.904, 104206439698, vstest.console.dll, TestPluginCache: Setting providers are ''.
TpTrace Verbose: 0 : 14680, 1, 2024/04/02, 13:23:17.904, 104206440618, vstest.console.dll, TestPluginCache: Loggers are 'logger://Microsoft/TestPlatform/Extensions/Blame/v1,logger://Microsoft/TestPlatform/HtmlLogger/v1,logger://Microsoft/TestPlatform/TrxLogger/v1'.
TpTrace Verbose: 0 : 14680, 1, 2024/04/02, 13:23:17.904, 104206441245, vstest.console.dll, TestPluginCache: TestHosts are 'HostProvider://DefaultTestHost,HostProvider://DotnetTestHost'.
TpTrace Verbose: 0 : 14680, 1, 2024/04/02, 13:23:17.904, 104206441637, vstest.console.dll, TestPluginCache: DataCollectors are ''.
TpTrace Information: 0 : 14680, 1, 2024/04/02, 13:23:17.905, 104206449566, vstest.console.dll, TestPluginManager.CreateTestExtension: Attempting to load test extension: Microsoft.TestPlatform.Extensions.BlameDataCollector.BlameLogger
TpTrace Verbose: 0 : 14680, 1, 2024/04/02, 13:23:17.918, 104206581842, vstest.console.dll, TestEngine: Initializing Parallel Execution as MaxCpuCount is set to: 1
TpTrace Information: 0 : 14680, 1, 2024/04/02, 13:23:17.920, 104206599125, vstest.console.dll, TestPluginManager.CreateTestExtension: Attempting to load test extension: Microsoft.VisualStudio.TestPlatform.CrossPlatEngine.Hosting.DefaultTestHostManager
TpTrace Information: 0 : 14680, 1, 2024/04/02, 13:23:17.921, 104206607631, vstest.console.dll, TestPluginManager.CreateTestExtension: Attempting to load test extension: Microsoft.VisualStudio.TestPlatform.CrossPlatEngine.Hosting.DotnetTestHostManager
TpTrace Information: 0 : 14680, 1, 2024/04/02, 13:23:17.921, 104206613269, vstest.console.dll, InferRunSettingsHelper.IsTestSettingsEnabled: Unable to navigate to RunSettings/MSTest. Current node: RunSettings
TpTrace Verbose: 0 : 14680, 1, 2024/04/02, 13:23:17.922, 104206623012, vstest.console.dll, ParallelOperationManager.ClearSlots: Clearing all slots. Slots should accept more work: True
TpTrace Verbose: 0 : 14680, 1, 2024/04/02, 13:23:17.923, 104206629340, vstest.console.dll, ParallelOperationManager.SetOccupiedSlotCount: Setting slot counts AvailableSlotCount = 1, OccupiedSlotCount = 0.
TpTrace Verbose: 0 : 14680, 1, 2024/04/02, 13:23:17.923, 104206632697, vstest.console.dll, Occupied slots:

TpTrace Verbose: 0 : 14680, 1, 2024/04/02, 13:23:17.928, 104206677354, vstest.console.dll, TestEngine.GetExecutionManager: Chosen execution manager 'Microsoft.VisualStudio.TestPlatform.CrossPlatEngine.Client.Parallel.ParallelProxyExecutionManager, Microsoft.TestPlatform.CrossPlatEngine, Version=15.0.0.0, Culture=neutral, PublicKeyToken=b03f5f7f11d50a3a' ParallelLevel '1'.
TpTrace Verbose: 0 : 14680, 1, 2024/04/02, 13:23:17.928, 104206679054, vstest.console.dll, TestRunRequest.ExecuteAsync: Creating test run request.
TpTrace Verbose: 0 : 14680, 1, 2024/04/02, 13:23:17.928, 104206681305, vstest.console.dll, TestRunRequest.ExecuteAsync: Starting.
TpTrace Information: 0 : 14680, 1, 2024/04/02, 13:23:17.930, 104206695854, vstest.console.dll, TestRunRequest.ExecuteAsync: Starting run with settings:TestRunCriteria:
   KeepAlive=False,FrequencyOfRunStatsChangeEvent=10,RunStatsChangeEventTimeout=00:00:01.5000000,TestCaseFilter=,TestExecutorLauncher=
   Settingsxml=<RunSettings>
  <RunConfiguration>
    <ResultsDirectory>D:\BackEndMarch\12-Continuous-Integration-II-Resources\02-House-Renting-System-App\HouseRentingSystem.Tests\bin\Debug\net6.0\fine-code-coverage\coverage-tool-output</ResultsDirectory>
    <TargetPlatform>X64</TargetPlatform>
    <TargetFrameworkVersion>.NETCoreApp,Version=v6.0</TargetFrameworkVersion>
    <DesignMode>False</DesignMode>
    <CollectSourceInformation>False</CollectSourceInformation>
  </RunConfiguration>
  <LoggerRunSettings>
    <Loggers>
      <Logger friendlyName="blame" enabled="True" />
      <Logger friendlyName="Console" uri="logger://microsoft/TestPlatform/ConsoleLogger/v1" assemblyQualifiedName="Microsoft.VisualStudio.TestPlatform.CommandLine.Internal.ConsoleLogger, vstest.console, Version=15.0.0.0, Culture=neutral, PublicKeyToken=b03f5f7f11d50a3a" codeBase="C:\Program Files\dotnet\sdk\8.0.100\vstest.console.dll" enabled="True" />
    </Loggers>
  </LoggerRunSettings>
  <DataCollectionRunSettings>
    <DataCollectors>
      <DataCollector friendlyName="blame" enabled="True">
        <Configuration>
          <ResultsDirectory>D:\BackEndMarch\12-Continuous-Integration-II-Resources\02-House-Renting-System-App\HouseRentingSystem.Tests\bin\Debug\net6.0\fine-code-coverage\coverage-tool-output</ResultsDirectory>
        </Configuration>
      </DataCollector>
    </DataCollectors>
  </DataCollectionRunSettings>
</RunSettings>

TpTrace Verbose: 0 : 14680, 1, 2024/04/02, 13:23:17.930, 104206696620, vstest.console.dll, TestRunRequest.ExecuteAsync: Wait for the first run request is over.
TpTrace Verbose: 0 : 14680, 1, 2024/04/02, 13:23:17.930, 104206699755, vstest.console.dll, MulticastDelegateUtilities.SafeInvoke: TestRun.TestRunStart: Invoking callbacks was skipped because there are no subscribers.
TpTrace Verbose: 0 : 14680, 4, 2024/04/02, 13:23:17.930, 104206701930, vstest.console.dll, MulticastDelegateUtilities.SafeInvoke: InternalTestLoggerEvents.SendTestRunStart: Invoking callback 1/1 for Microsoft.VisualStudio.TestPlatform.CommandLine.Internal.ConsoleLogger., took 0 ms.
TpTrace Verbose: 0 : 14680, 1, 2024/04/02, 13:23:17.931, 104206711243, vstest.console.dll, ParallelProxyExecutionManager: Start execution. Total sources: 1
TpTrace Verbose: 0 : 14680, 1, 2024/04/02, 13:23:17.932, 104206716226, vstest.console.dll, ParallelOperationManager.StartWork: Starting adding 1 workloads.
TpTrace Verbose: 0 : 14680, 1, 2024/04/02, 13:23:17.932, 104206717142, vstest.console.dll, ParallelOperationManager.ClearSlots: Clearing all slots. Slots should accept more work: True
TpTrace Verbose: 0 : 14680, 1, 2024/04/02, 13:23:17.932, 104206717937, vstest.console.dll, ParallelOperationManager.SetOccupiedSlotCount: Setting slot counts AvailableSlotCount = 1, OccupiedSlotCount = 0.
TpTrace Verbose: 0 : 14680, 1, 2024/04/02, 13:23:17.932, 104206718384, vstest.console.dll, Occupied slots:

TpTrace Verbose: 0 : 14680, 1, 2024/04/02, 13:23:17.933, 104206732679, vstest.console.dll, TestRequestSender is acting as server.
TpTrace Verbose: 0 : 14680, 1, 2024/04/02, 13:23:17.935, 104206749721, vstest.console.dll, ParallelOperationManager.RunWorkInParallel: Adding 1 workload to slot, remaining workloads 0.
TpTrace Verbose: 0 : 14680, 1, 2024/04/02, 13:23:17.935, 104206750400, vstest.console.dll, ParallelOperationManager.SetOccupiedSlotCount: Setting slot counts AvailableSlotCount = 0, OccupiedSlotCount = 1.
TpTrace Verbose: 0 : 14680, 1, 2024/04/02, 13:23:17.935, 104206751517, vstest.console.dll, Occupied slots:
0: D:\BackEndMarch\12-Continuous-Integration-II-Resources\02-House-Renting-System-App\HouseRentingSystem.Tests\bin\Debug\net6.0\fine-code-coverage\build-output\HouseRentingSystem.Tests.dll
TpTrace Verbose: 0 : 14680, 1, 2024/04/02, 13:23:17.936, 104206763358, vstest.console.dll, ParallelOperationManager.RunWorkInParallel: Started host in slot number 0 for work (source): D:\BackEndMarch\12-Continuous-Integration-II-Resources\02-House-Renting-System-App\HouseRentingSystem.Tests\bin\Debug\net6.0\fine-code-coverage\build-output\HouseRentingSystem.Tests.dll.
TpTrace Verbose: 0 : 14680, 1, 2024/04/02, 13:23:17.937, 104206773559, vstest.console.dll, ParallelOperationManager.RunWorkInParallel: We started 1 work items, which is the max parallel level. Won't start more work.
TpTrace Verbose: 0 : 14680, 1, 2024/04/02, 13:23:17.938, 104206774522, vstest.console.dll, ParallelOperationManager.RunWorkInParallel: We started 1 work items in here, returning True.
TpTrace Information: 0 : 14680, 1, 2024/04/02, 13:23:17.938, 104206775110, vstest.console.dll, TestRunRequest.ExecuteAsync: Started.
TpTrace Verbose: 0 : 14680, 5, 2024/04/02, 13:23:17.938, 104206775895, vstest.console.dll, ParallelProxyExecutionManager.StartTestRunOnConcurrentManager: Initializing uninitialized client. Started clients: 0
TpTrace Verbose: 0 : 14680, 5, 2024/04/02, 13:23:17.938, 104206777666, vstest.console.dll, DataCollectionRequestSender.InitializeCommunication : Initialize communication. 
TpTrace Verbose: 0 : 14680, 1, 2024/04/02, 13:23:17.938, 104206781680, vstest.console.dll, TestRunRequest.WaitForCompletion: Waiting with timeout -1.
TpTrace Information: 0 : 14680, 5, 2024/04/02, 13:23:17.948, 104206877133, vstest.console.dll, Listening on Endpoint : 127.0.0.1:52120
TpTrace Verbose: 0 : 14680, 5, 2024/04/02, 13:23:17.954, 104206939155, vstest.console.dll, DotnetDataCollectionLauncher: Adding  --runtimeconfig "C:\Program Files\dotnet\sdk\8.0.100\datacollector.runtimeconfig.json" in args
TpTrace Verbose: 0 : 14680, 5, 2024/04/02, 13:23:17.954, 104206940678, vstest.console.dll, DotnetDataCollectionLauncher: Adding  --depsfile "C:\Program Files\dotnet\sdk\8.0.100\datacollector.deps.json" in args
TpTrace Verbose: 0 : 14680, 5, 2024/04/02, 13:23:17.955, 104206944578, vstest.console.dll, DotnetDataCollectionLauncher: Full path of dotnet.exe is C:\Program Files\dotnet\dotnet.exe
TpTrace Information: 0 : 14680, 5, 2024/04/02, 13:23:17.962, 104207016817, vstest.console.dll, ProxyDataCollectionManager.Initialize: Launched datacollector processId: 1956 port: 52120
TpTrace Information: 0 : 14680, 5, 2024/04/02, 13:23:17.962, 104207018639, vstest.console.dll, ProxyDataCollectionManager.Initialize: waiting for connection with timeout: 90 seconds
TpTrace Verbose: 0 : 14680, 5, 2024/04/02, 13:23:17.962, 104207019330, vstest.console.dll, DataCollectionRequestSender.WaitForRequestHandlerConnection : Waiting for connection with timeout: 90000
TpTrace Information: 0 : 14680, 11, 2024/04/02, 13:23:18.143, 104208825122, vstest.console.dll, Using the buffer size of 16384 bytes
TpTrace Verbose: 0 : 14680, 5, 2024/04/02, 13:23:18.143, 104208825563, vstest.console.dll, SocketCommunicationManager.WaitForClientConnection took: 180 ms, with 90000 ms timeout, and finished with True.
TpTrace Information: 0 : 14680, 11, 2024/04/02, 13:23:18.143, 104208826653, vstest.console.dll, Accepted Client request and set the flag
TpTrace Verbose: 0 : 14680, 5, 2024/04/02, 13:23:18.143, 104208828059, vstest.console.dll, ProxyDataCollectionManager.InvokeDataCollectionServiceAction: Starting.
TpTrace Information: 0 : 14680, 5, 2024/04/02, 13:23:18.143, 104208829019, vstest.console.dll, ProxyDataCollectionManager.BeforeTestRunStart: Get environment variable and port for datacollector processId: 1956 port: 52120
TpTrace Verbose: 0 : 14680, 5, 2024/04/02, 13:23:18.143, 104208830454, vstest.console.dll, DataCollectionRequestSender.SendBeforeTestRunStartAndGetResult: Send BeforeTestRunStart message with settingsXml <RunSettings><RunConfiguration><ResultsDirectory>D:\BackEndMarch\12-Continuous-Integration-II-Resources\02-House-Renting-System-App\HouseRentingSystem.Tests\bin\Debug\net6.0\fine-code-coverage\coverage-tool-output</ResultsDirectory><TargetPlatform>X64</TargetPlatform><TargetFrameworkVersion>.NETCoreApp,Version=v6.0</TargetFrameworkVersion><DesignMode>False</DesignMode><CollectSourceInformation>False</CollectSourceInformation><TestAdaptersPaths>C:\Program Files\dotnet\sdk\8.0.100\Extensions</TestAdaptersPaths></RunConfiguration><LoggerRunSettings><Loggers><Logger friendlyName="blame" enabled="True" /><Logger friendlyName="Console" uri="logger://microsoft/TestPlatform/ConsoleLogger/v1" assemblyQualifiedName="Microsoft.VisualStudio.TestPlatform.CommandLine.Internal.ConsoleLogger, vstest.console, Version=15.0.0.0, Culture=neutral, PublicKeyToken=b03f5f7f11d50a3a" codeBase="C:\Program Files\dotnet\sdk\8.0.100\vstest.console.dll" enabled="True" /></Loggers></LoggerRunSettings><DataCollectionRunSettings><DataCollectors><DataCollector friendlyName="blame" enabled="True"><Configuration><ResultsDirectory>D:\BackEndMarch\12-Continuous-Integration-II-Resources\02-House-Renting-System-App\HouseRentingSystem.Tests\bin\Debug\net6.0\fine-code-coverage\coverage-tool-output</ResultsDirectory></Configuration></DataCollector></DataCollectors></DataCollectionRunSettings></RunSettings> and sources System.Collections.Generic.List`1[System.String]: 
TpTrace Verbose: 0 : 14680, 5, 2024/04/02, 13:23:18.264, 104210036618, vstest.console.dll, DataCollectionRequestSender.SendBeforeTestRunStartAndGetResult: Received message: (DataCollection.SendMessage) -> {"MessageType":"DataCollection.SendMessage","Payload":{"FriendlyName":null,"Uri":null,"TestCaseId":"00000000-0000-0000-0000-000000000000","Message":"Logging DataCollector Diagnostics in file: D:\\BackEndMarch\\12-Continuous-Integration-II-Resources\\02-House-Renting-System-App\\HouseRentingSystem.Tests\\bin\\Debug\\net6.0\\fine-code-coverage\\coverage-tool-output\\diagnostics.datacollector.24-04-02_13-23-17_95423_5.log","Level":0}}
TpTrace Verbose: 0 : 14680, 5, 2024/04/02, 13:23:18.376, 104211156933, vstest.console.dll, DataCollectionRequestSender.SendBeforeTestRunStartAndGetResult: Received message: (DataCollection.BeforeTestRunStartResult) -> {"MessageType":"DataCollection.BeforeTestRunStartResult","Payload":{"EnvironmentVariables":{},"DataCollectionEventsPort":52122}}
TpTrace Information: 0 : 14680, 5, 2024/04/02, 13:23:18.382, 104211217682, vstest.console.dll, ProxyDataCollectionManager.BeforeTestRunStart: SendBeforeTestRunStartAndGetResult successful, env variable from datacollector:   and testhost port: 52122
TpTrace Information: 0 : 14680, 5, 2024/04/02, 13:23:18.382, 104211218909, vstest.console.dll, ProxyDataCollectionManager.InvokeDataCollectionServiceAction: Completed.
TpTrace Verbose: 0 : 14680, 5, 2024/04/02, 13:23:18.382, 104211219380, vstest.console.dll, ParallelProxyExecutionManager.StartTestRunOnConcurrentManager: Initializing test run. Started clients: 0
TpTrace Verbose: 0 : 14680, 5, 2024/04/02, 13:23:18.382, 104211220293, vstest.console.dll, ProxyExecutionManager: Test host is always Lazy initialize.
TpTrace Verbose: 0 : 14680, 5, 2024/04/02, 13:23:18.382, 104211222287, vstest.console.dll, TestRequestSender.InitializeCommunication: initialize communication. 
TpTrace Information: 0 : 14680, 5, 2024/04/02, 13:23:18.383, 104211227657, vstest.console.dll, SocketServer.Start: Listening on endpoint : 127.0.0.1:52123
TpTrace Verbose: 0 : 14680, 5, 2024/04/02, 13:23:18.384, 104211235151, vstest.console.dll, DotnetTestHostmanager.GetTestHostProcessStartInfo: Platform environment 'X64' target architecture 'X64' framework '.NETCoreApp,Version=v6.0' OS 'Windows'
TpTrace Verbose: 0 : 14680, 5, 2024/04/02, 13:23:18.384, 104211236946, vstest.console.dll, DotnetTestHostmanager: Adding  --runtimeconfig "D:\BackEndMarch\12-Continuous-Integration-II-Resources\02-House-Renting-System-App\HouseRentingSystem.Tests\bin\Debug\net6.0\fine-code-coverage\build-output\HouseRentingSystem.Tests.runtimeconfig.json" in args
TpTrace Verbose: 0 : 14680, 5, 2024/04/02, 13:23:18.384, 104211237687, vstest.console.dll, DotnetTestHostmanager: Adding  --depsfile "D:\BackEndMarch\12-Continuous-Integration-II-Resources\02-House-Renting-System-App\HouseRentingSystem.Tests\bin\Debug\net6.0\fine-code-coverage\build-output\HouseRentingSystem.Tests.deps.json" in args
TpTrace Verbose: 0 : 14680, 5, 2024/04/02, 13:23:18.384, 104211239542, vstest.console.dll, DotnetTestHostmanager.IsWinOnArm: Current PROCESSOR_ARCHITECTURE from environment variable 'AMD64'
TpTrace Verbose: 0 : 14680, 5, 2024/04/02, 13:23:18.384, 104211240303, vstest.console.dll, DotnetTestHostmanager.IsWinOnArm: Is Windows on ARM 'False'
TpTrace Verbose: 0 : 14680, 5, 2024/04/02, 13:23:18.384, 104211240972, vstest.console.dll, DotnetTestHostManager: testhost.exe found at path: D:\BackEndMarch\12-Continuous-Integration-II-Resources\02-House-Renting-System-App\HouseRentingSystem.Tests\bin\Debug\net6.0\fine-code-coverage\build-output\testhost.exe
TpTrace Verbose: 0 : 14680, 5, 2024/04/02, 13:23:18.384, 104211241492, vstest.console.dll, DotnetTestHostmanager: Full path of host exe is D:\BackEndMarch\12-Continuous-Integration-II-Resources\02-House-Renting-System-App\HouseRentingSystem.Tests\bin\Debug\net6.0\fine-code-coverage\build-output\testhost.exe
TpTrace Verbose: 0 : 14680, 5, 2024/04/02, 13:23:18.384, 104211242848, vstest.console.dll, DotnetTestHostmanager.LaunchTestHostAsync: Found 'VSTEST_WINAPPHOST_DOTNET_ROOT' in env variables, value 'C:\Program Files\dotnet', forwarding to 'DOTNET_ROOT'
TpTrace Verbose: 0 : 14680, 5, 2024/04/02, 13:23:18.385, 104211244543, vstest.console.dll, DotnetTestHostManager: Starting process 'D:\BackEndMarch\12-Continuous-Integration-II-Resources\02-House-Renting-System-App\HouseRentingSystem.Tests\bin\Debug\net6.0\fine-code-coverage\build-output\testhost.exe' with command line ' --runtimeconfig "D:\BackEndMarch\12-Continuous-Integration-II-Resources\02-House-Renting-System-App\HouseRentingSystem.Tests\bin\Debug\net6.0\fine-code-coverage\build-output\HouseRentingSystem.Tests.runtimeconfig.json" --depsfile "D:\BackEndMarch\12-Continuous-Integration-II-Resources\02-House-Renting-System-App\HouseRentingSystem.Tests\bin\Debug\net6.0\fine-code-coverage\build-output\HouseRentingSystem.Tests.deps.json" --port 52123 --endpoint 127.0.0.1:052123 --role client --parentprocessid 14680 --diag "D:\BackEndMarch\12-Continuous-Integration-II-Resources\02-House-Renting-System-App\HouseRentingSystem.Tests\bin\Debug\net6.0\fine-code-coverage\coverage-tool-output\diagnostics.host.24-04-02_13-23-18_38373_5.log" --tracelevel 4 --datacollectionport 52122 --telemetryoptedin false'
TpTrace Verbose: 0 : 14680, 5, 2024/04/02, 13:23:18.463, 104212030005, vstest.console.dll, MulticastDelegateUtilities.SafeInvoke: HostProviderEvents.OnHostLaunched: Invoking callback 1/2 for Microsoft.VisualStudio.TestPlatform.CrossPlatEngine.Client.ProxyExecutionManagerWithDataCollection., took 0 ms.
TpTrace Verbose: 0 : 14680, 5, 2024/04/02, 13:23:18.463, 104212033174, vstest.console.dll, Test Runtime launched
TpTrace Verbose: 0 : 14680, 5, 2024/04/02, 13:23:18.463, 104212034042, vstest.console.dll, MulticastDelegateUtilities.SafeInvoke: HostProviderEvents.OnHostLaunched: Invoking callback 2/2 for Microsoft.VisualStudio.TestPlatform.CrossPlatEngine.Client.ProxyOperationManager., took 0 ms.
TpTrace Verbose: 0 : 14680, 5, 2024/04/02, 13:23:18.464, 104212039648, vstest.console.dll, TestRequestSender.WaitForRequestHandlerConnection: waiting for connection with timeout: 90000.
TpTrace Verbose: 0 : 14680, 7, 2024/04/02, 13:23:18.890, 104216299267, vstest.console.dll, MulticastDelegateUtilities.SafeInvoke: SocketServer: ClientConnected: Invoking callback 1/1 for Microsoft.VisualStudio.TestPlatform.CommunicationUtilities.TestRequestSender., took 0 ms.
TpTrace Verbose: 0 : 14680, 5, 2024/04/02, 13:23:18.890, 104216299292, vstest.console.dll, TestRequestSender.WaitForRequestHandlerConnection: waiting took 425 ms, with timeout 90000 ms, and result 0, which is success.
TpTrace Verbose: 0 : 14680, 7, 2024/04/02, 13:23:18.890, 104216300801, vstest.console.dll, SocketServer.OnClientConnected: Client connected for endPoint: 127.0.0.1:52123, starting MessageLoopAsync:
TpTrace Verbose: 0 : 14680, 7, 2024/04/02, 13:23:18.891, 104216309024, vstest.console.dll, TcpClientExtensions.MessageLoopAsync: Polling on remoteEndPoint: 127.0.0.1:52124 localEndPoint: 127.0.0.1:52123
TpTrace Verbose: 0 : 14680, 5, 2024/04/02, 13:23:18.892, 104216315513, vstest.console.dll, TestRequestSender.CheckVersionWithTestHost: Sending check version message: {"MessageType":"ProtocolVersion","Payload":7}
TpTrace Verbose: 0 : 14680, 7, 2024/04/02, 13:23:19.100, 104218399166, vstest.console.dll, TcpClientExtensions.MessageLoopAsync: NotifyDataAvailable remoteEndPoint: 127.0.0.1:52124 localEndPoint: 127.0.0.1:52123
TpTrace Verbose: 0 : 14680, 7, 2024/04/02, 13:23:19.100, 104218401617, vstest.console.dll, TestRequestSender.CheckVersionWithTestHost: onMessageReceived received message: (ProtocolVersion) -> {"MessageType":"ProtocolVersion","Payload":5}
TpTrace Verbose: 0 : 14680, 7, 2024/04/02, 13:23:19.102, 104218415572, vstest.console.dll, MulticastDelegateUtilities.SafeInvoke: LengthPrefixCommunicationChannel: MessageReceived: Invoking callback 1/1 for Microsoft.VisualStudio.TestPlatform.CommunicationUtilities.TestRequestSender+<>c__DisplayClass29_0., took 1 ms.
TpTrace Verbose: 0 : 14680, 5, 2024/04/02, 13:23:19.102, 104218416491, vstest.console.dll, TestPluginCache.GetExtensionPaths: Filtered extension paths: 
TpTrace Verbose: 0 : 14680, 5, 2024/04/02, 13:23:19.102, 104218418253, vstest.console.dll, TestPluginCache.GetExtensionPaths: Added default extension paths: C:\Program Files\dotnet\sdk\8.0.100\Extensions\Microsoft.Diagnostics.NETCore.Client.dll
C:\Program Files\dotnet\sdk\8.0.100\Extensions\Microsoft.TestPlatform.Extensions.BlameDataCollector.dll
C:\Program Files\dotnet\sdk\8.0.100\Extensions\Microsoft.TestPlatform.Extensions.EventLogCollector.dll
C:\Program Files\dotnet\sdk\8.0.100\Extensions\Microsoft.TestPlatform.TestHostRuntimeProvider.dll
C:\Program Files\dotnet\sdk\8.0.100\Extensions\Microsoft.VisualStudio.TestPlatform.Extensions.Html.TestLogger.dll
C:\Program Files\dotnet\sdk\8.0.100\Extensions\Microsoft.VisualStudio.TestPlatform.Extensions.Trx.TestLogger.dll
TpTrace Verbose: 0 : 14680, 7, 2024/04/02, 13:23:19.102, 104218416788, vstest.console.dll, TcpClientExtensions.MessageLoopAsync: Polling on remoteEndPoint: 127.0.0.1:52124 localEndPoint: 127.0.0.1:52123
TpTrace Verbose: 0 : 14680, 5, 2024/04/02, 13:23:19.102, 104218419747, vstest.console.dll, TestPluginCache.GetExtensionPaths: Added unfilterableExtensionPaths: 
TpTrace Verbose: 0 : 14680, 5, 2024/04/02, 13:23:19.106, 104218456563, vstest.console.dll, TestRequestSender.InitializeExecution: Sending initialize execution with message: {"Version":5,"MessageType":"TestExecution.Initialize","Payload":["D:\\BackEndMarch\\12-Continuous-Integration-II-Resources\\02-House-Renting-System-App\\HouseRentingSystem.Tests\\bin\\Debug\\net6.0\\fine-code-coverage\\build-output\\NUnit3.TestAdapter.dll"]}
TpTrace Verbose: 0 : 14680, 5, 2024/04/02, 13:23:19.106, 104218458517, vstest.console.dll, ParallelProxyExecutionManager.StartTestRunOnConcurrentManager: Execution starting. Started clients: 1
TpTrace Verbose: 0 : 14680, 5, 2024/04/02, 13:23:19.106, 104218461392, vstest.console.dll, TestRunRequest:SendTestRunMessage: Starting.
TpTrace Verbose: 0 : 14680, 5, 2024/04/02, 13:23:19.106, 104218463541, vstest.console.dll, MulticastDelegateUtilities.SafeInvoke: TestRun.LogMessages: Invoking callback 1/1 for Microsoft.VisualStudio.TestPlatform.CommandLine.TestRunResultAggregator., took 0 ms.
TpTrace Information: 0 : 14680, 5, 2024/04/02, 13:23:19.107, 104218464112, vstest.console.dll, TestRunRequest:SendTestRunMessage: Completed.
TpTrace Verbose: 0 : 14680, 4, 2024/04/02, 13:23:19.107, 104218465717, vstest.console.dll, MulticastDelegateUtilities.SafeInvoke: InternalTestLoggerEvents.SendTestRunMessage: Invoking callback 1/1 for Microsoft.VisualStudio.TestPlatform.CommandLine.Internal.ConsoleLogger., took 0 ms.
TpTrace Warning: 0 : 14680, 5, 2024/04/02, 13:23:19.107, 104218468439, vstest.console.dll, InferRunSettingsHelper.MakeRunsettingsCompatible: Removing the following settings: TargetPlatform from RunSettings file. To use those settings please move to latest version of Microsoft.NET.Test.Sdk
TpTrace Verbose: 0 : 14680, 7, 2024/04/02, 13:23:19.115, 104218550577, vstest.console.dll, TcpClientExtensions.MessageLoopAsync: NotifyDataAvailable remoteEndPoint: 127.0.0.1:52124 localEndPoint: 127.0.0.1:52123
TpTrace Verbose: 0 : 14680, 7, 2024/04/02, 13:23:19.116, 104218554503, vstest.console.dll, TestRequestSender.OnExecutionMessageReceived: Received message: {"Version":5,"MessageType":"TestSession.Message","Payload":{"MessageLevel":0,"Message":"Logging TestHost Diagnostics in file: D:\\BackEndMarch\\12-Continuous-Integration-II-Resources\\02-House-Renting-System-App\\HouseRentingSystem.Tests\\bin\\Debug\\net6.0\\fine-code-coverage\\coverage-tool-output\\diagnostics.host.24-04-02_13-23-18_38373_5.log"}}
TpTrace Verbose: 0 : 14680, 5, 2024/04/02, 13:23:19.116, 104218562851, vstest.console.dll, TestRequestSender.StartTestRun: Sending test run with message: {"Version":5,"MessageType":"TestExecution.StartWithSources","Payload":{"AdapterSourceMap":{"_none_":["D:\\BackEndMarch\\12-Continuous-Integration-II-Resources\\02-House-Renting-System-App\\HouseRentingSystem.Tests\\bin\\Debug\\net6.0\\fine-code-coverage\\build-output\\HouseRentingSystem.Tests.dll"]},"RunSettings":"<RunSettings>\r\n  <RunConfiguration>\r\n    <ResultsDirectory>D:\\BackEndMarch\\12-Continuous-Integration-II-Resources\\02-House-Renting-System-App\\HouseRentingSystem.Tests\\bin\\Debug\\net6.0\\fine-code-coverage\\coverage-tool-output</ResultsDirectory>\r\n    <TargetFrameworkVersion>.NETCoreApp,Version=v6.0</TargetFrameworkVersion>\r\n    <DesignMode>False</DesignMode>\r\n    <CollectSourceInformation>False</CollectSourceInformation>\r\n  </RunConfiguration>\r\n  <LoggerRunSettings>\r\n    <Loggers>\r\n      <Logger friendlyName=\"blame\" enabled=\"True\" />\r\n      <Logger friendlyName=\"Console\" uri=\"logger://microsoft/TestPlatform/ConsoleLogger/v1\" assemblyQualifiedName=\"Microsoft.VisualStudio.TestPlatform.CommandLine.Internal.ConsoleLogger, vstest.console, Version=15.0.0.0, Culture=neutral, PublicKeyToken=b03f5f7f11d50a3a\" codeBase=\"C:\\Program Files\\dotnet\\sdk\\8.0.100\\vstest.console.dll\" enabled=\"True\" />\r\n    </Loggers>\r\n  </LoggerRunSettings>\r\n  <DataCollectionRunSettings>\r\n    <DataCollectors>\r\n      <DataCollector friendlyName=\"blame\" enabled=\"True\">\r\n        <Configuration>\r\n          <ResultsDirectory>D:\\BackEndMarch\\12-Continuous-Integration-II-Resources\\02-House-Renting-System-App\\HouseRentingSystem.Tests\\bin\\Debug\\net6.0\\fine-code-coverage\\coverage-tool-output</ResultsDirectory>\r\n        </Configuration>\r\n      </DataCollector>\r\n    </DataCollectors>\r\n  </DataCollectionRunSettings>\r\n</RunSettings>","TestExecutionContext":{"FrequencyOfRunStatsChangeEvent":10,"RunStatsChangeEventTimeout":"00:00:01.5000000","InIsolation":false,"KeepAlive":false,"AreTestCaseLevelEventsRequired":false,"IsDebug":false,"TestCaseFilter":null,"FilterOptions":null},"Package":null}}
TpTrace Verbose: 0 : 14680, 5, 2024/04/02, 13:23:19.117, 104218564830, vstest.console.dll, ParallelProxyExecutionManager.StartTestRunOnConcurrentManager: Execution started. Started clients: 1
TpTrace Verbose: 0 : 14680, 7, 2024/04/02, 13:23:19.118, 104218583618, vstest.console.dll, TestRunRequest:SendTestRunMessage: Starting.
TpTrace Verbose: 0 : 14680, 7, 2024/04/02, 13:23:19.119, 104218585363, vstest.console.dll, MulticastDelegateUtilities.SafeInvoke: TestRun.LogMessages: Invoking callback 1/1 for Microsoft.VisualStudio.TestPlatform.CommandLine.TestRunResultAggregator., took 0 ms.
TpTrace Verbose: 0 : 14680, 4, 2024/04/02, 13:23:19.119, 104218585582, vstest.console.dll, MulticastDelegateUtilities.SafeInvoke: InternalTestLoggerEvents.SendTestRunMessage: Invoking callback 1/1 for Microsoft.VisualStudio.TestPlatform.CommandLine.Internal.ConsoleLogger., took 0 ms.
TpTrace Information: 0 : 14680, 7, 2024/04/02, 13:23:19.119, 104218586656, vstest.console.dll, TestRunRequest:SendTestRunMessage: Completed.
TpTrace Verbose: 0 : 14680, 7, 2024/04/02, 13:23:19.119, 104218587532, vstest.console.dll, MulticastDelegateUtilities.SafeInvoke: LengthPrefixCommunicationChannel: MessageReceived: Invoking callback 1/1 for Microsoft.VisualStudio.TestPlatform.CommunicationUtilities.TestRequestSender+<>c__DisplayClass34_0., took 3 ms.
TpTrace Verbose: 0 : 14680, 7, 2024/04/02, 13:23:19.119, 104218588077, vstest.console.dll, TcpClientExtensions.MessageLoopAsync: Polling on remoteEndPoint: 127.0.0.1:52124 localEndPoint: 127.0.0.1:52123
TpTrace Verbose: 0 : 14680, 7, 2024/04/02, 13:23:19.378, 104221181623, vstest.console.dll, TcpClientExtensions.MessageLoopAsync: NotifyDataAvailable remoteEndPoint: 127.0.0.1:52124 localEndPoint: 127.0.0.1:52123
TpTrace Verbose: 0 : 14680, 7, 2024/04/02, 13:23:19.378, 104221183788, vstest.console.dll, TestRequestSender.OnExecutionMessageReceived: Received message: {"Version":5,"MessageType":"TestSession.Message","Payload":{"MessageLevel":0,"Message":"NUnit Adapter 4.2.0.0: Test execution started"}}
TpTrace Verbose: 0 : 14680, 7, 2024/04/02, 13:23:19.379, 104221185643, vstest.console.dll, TestRunRequest:SendTestRunMessage: Starting.
TpTrace Verbose: 0 : 14680, 7, 2024/04/02, 13:23:19.379, 104221186703, vstest.console.dll, MulticastDelegateUtilities.SafeInvoke: TestRun.LogMessages: Invoking callback 1/1 for Microsoft.VisualStudio.TestPlatform.CommandLine.TestRunResultAggregator., took 0 ms.
TpTrace Information: 0 : 14680, 7, 2024/04/02, 13:23:19.379, 104221187333, vstest.console.dll, TestRunRequest:SendTestRunMessage: Completed.
TpTrace Verbose: 0 : 14680, 4, 2024/04/02, 13:23:19.379, 104221187303, vstest.console.dll, MulticastDelegateUtilities.SafeInvoke: InternalTestLoggerEvents.SendTestRunMessage: Invoking callback 1/1 for Microsoft.VisualStudio.TestPlatform.CommandLine.Internal.ConsoleLogger., took 0 ms.
TpTrace Verbose: 0 : 14680, 7, 2024/04/02, 13:23:19.379, 104221187831, vstest.console.dll, MulticastDelegateUtilities.SafeInvoke: LengthPrefixCommunicationChannel: MessageReceived: Invoking callback 1/1 for Microsoft.VisualStudio.TestPlatform.CommunicationUtilities.TestRequestSender+<>c__DisplayClass34_0., took 0 ms.
TpTrace Verbose: 0 : 14680, 7, 2024/04/02, 13:23:19.379, 104221189541, vstest.console.dll, TcpClientExtensions.MessageLoopAsync: Polling on remoteEndPoint: 127.0.0.1:52124 localEndPoint: 127.0.0.1:52123
TpTrace Verbose: 0 : 14680, 7, 2024/04/02, 13:23:19.414, 104221542013, vstest.console.dll, TcpClientExtensions.MessageLoopAsync: NotifyDataAvailable remoteEndPoint: 127.0.0.1:52124 localEndPoint: 127.0.0.1:52123
TpTrace Verbose: 0 : 14680, 7, 2024/04/02, 13:23:19.414, 104221543595, vstest.console.dll, TestRequestSender.OnExecutionMessageReceived: Received message: {"Version":5,"MessageType":"TestSession.Message","Payload":{"MessageLevel":0,"Message":"Running all tests in D:\\BackEndMarch\\12-Continuous-Integration-II-Resources\\02-House-Renting-System-App\\HouseRentingSystem.Tests\\bin\\Debug\\net6.0\\fine-code-coverage\\build-output\\HouseRentingSystem.Tests.dll"}}
TpTrace Verbose: 0 : 14680, 7, 2024/04/02, 13:23:19.415, 104221544805, vstest.console.dll, TestRunRequest:SendTestRunMessage: Starting.
TpTrace Verbose: 0 : 14680, 7, 2024/04/02, 13:23:19.415, 104221545484, vstest.console.dll, MulticastDelegateUtilities.SafeInvoke: TestRun.LogMessages: Invoking callback 1/1 for Microsoft.VisualStudio.TestPlatform.CommandLine.TestRunResultAggregator., took 0 ms.
TpTrace Information: 0 : 14680, 7, 2024/04/02, 13:23:19.415, 104221546208, vstest.console.dll, TestRunRequest:SendTestRunMessage: Completed.
TpTrace Verbose: 0 : 14680, 4, 2024/04/02, 13:23:19.415, 104221546310, vstest.console.dll, MulticastDelegateUtilities.SafeInvoke: InternalTestLoggerEvents.SendTestRunMessage: Invoking callback 1/1 for Microsoft.VisualStudio.TestPlatform.CommandLine.Internal.ConsoleLogger., took 0 ms.
TpTrace Verbose: 0 : 14680, 7, 2024/04/02, 13:23:19.415, 104221546962, vstest.console.dll, MulticastDelegateUtilities.SafeInvoke: LengthPrefixCommunicationChannel: MessageReceived: Invoking callback 1/1 for Microsoft.VisualStudio.TestPlatform.CommunicationUtilities.TestRequestSender+<>c__DisplayClass34_0., took 0 ms.
TpTrace Verbose: 0 : 14680, 7, 2024/04/02, 13:23:19.415, 104221549322, vstest.console.dll, TcpClientExtensions.MessageLoopAsync: Polling on remoteEndPoint: 127.0.0.1:52124 localEndPoint: 127.0.0.1:52123
TpTrace Verbose: 0 : 14680, 7, 2024/04/02, 13:23:19.647, 104223871315, vstest.console.dll, TcpClientExtensions.MessageLoopAsync: NotifyDataAvailable remoteEndPoint: 127.0.0.1:52124 localEndPoint: 127.0.0.1:52123
TpTrace Verbose: 0 : 14680, 7, 2024/04/02, 13:23:19.647, 104223873288, vstest.console.dll, TestRequestSender.OnExecutionMessageReceived: Received message: {"Version":5,"MessageType":"TestSession.Message","Payload":{"MessageLevel":0,"Message":"   NUnit3TestExecutor discovered 29 of 29 NUnit test cases using Current Discovery mode, Non-Explicit run"}}
TpTrace Verbose: 0 : 14680, 7, 2024/04/02, 13:23:19.648, 104223874649, vstest.console.dll, TestRunRequest:SendTestRunMessage: Starting.
TpTrace Verbose: 0 : 14680, 7, 2024/04/02, 13:23:19.648, 104223875476, vstest.console.dll, MulticastDelegateUtilities.SafeInvoke: TestRun.LogMessages: Invoking callback 1/1 for Microsoft.VisualStudio.TestPlatform.CommandLine.TestRunResultAggregator., took 0 ms.
TpTrace Verbose: 0 : 14680, 4, 2024/04/02, 13:23:19.648, 104223875750, vstest.console.dll, MulticastDelegateUtilities.SafeInvoke: InternalTestLoggerEvents.SendTestRunMessage: Invoking callback 1/1 for Microsoft.VisualStudio.TestPlatform.CommandLine.Internal.ConsoleLogger., took 0 ms.
TpTrace Information: 0 : 14680, 7, 2024/04/02, 13:23:19.648, 104223875892, vstest.console.dll, TestRunRequest:SendTestRunMessage: Completed.
TpTrace Verbose: 0 : 14680, 7, 2024/04/02, 13:23:19.648, 104223877918, vstest.console.dll, MulticastDelegateUtilities.SafeInvoke: LengthPrefixCommunicationChannel: MessageReceived: Invoking callback 1/1 for Microsoft.VisualStudio.TestPlatform.CommunicationUtilities.TestRequestSender+<>c__DisplayClass34_0., took 0 ms.
TpTrace Verbose: 0 : 14680, 7, 2024/04/02, 13:23:19.648, 104223878302, vstest.console.dll, TcpClientExtensions.MessageLoopAsync: Polling on remoteEndPoint: 127.0.0.1:52124 localEndPoint: 127.0.0.1:52123
TpTrace Verbose: 0 : 14680, 7, 2024/04/02, 13:23:20.655, 104233953139, vstest.console.dll, TcpClientExtensions.MessageLoopAsync: Polling on remoteEndPoint: 127.0.0.1:52124 localEndPoint: 127.0.0.1:52123
TpTrace Verbose: 0 : 14680, 7, 2024/04/02, 13:23:20.765, 104235047641, vstest.console.dll, TcpClientExtensions.MessageLoopAsync: NotifyDataAvailable remoteEndPoint: 127.0.0.1:52124 localEndPoint: 127.0.0.1:52123
TpTrace Verbose: 0 : 14680, 7, 2024/04/02, 13:23:20.765, 104235049901, vstest.console.dll, TestRequestSender.OnExecutionMessageReceived: Received message: {"Version":5,"MessageType":"TestExecution.StatsChange","Payload":{"NewTestResults":[{"TestCase":{"Id":"6aa40687-0da3-eaf2-990a-c2698f9ffda9","FullyQualifiedName":"HouseRentingSystem.Tests.IntegrationsTests.HomeControllerTests.Error_ShouldReturnCorrectView","DisplayName":"Error_ShouldReturnCorrectView","ExecutorUri":"executor://NUnit3TestExecutor","Source":"D:\\BackEndMarch\\12-Continuous-Integration-II-Resources\\02-House-Renting-System-App\\HouseRentingSystem.Tests\\bin\\Debug\\net6.0\\fine-code-coverage\\build-output\\HouseRentingSystem.Tests.dll","CodeFilePath":null,"LineNumber":0,"Properties":[{"Key":{"Id":"NUnit.Seed","Label":"Seed","Category":"","Description":"","Attributes":0,"ValueType":"System.String"},"Value":"517980893"}]},"Attachments":[],"Outcome":1,"ErrorMessage":null,"ErrorStackTrace":null,"DisplayName":"Error_ShouldReturnCorrectView","Messages":[],"ComputerName":"DESKTOP-OIK0QOH","Duration":"00:00:00.0162310","StartTime":"2024-04-02T10:23:19.6933344+00:00","EndTime":"2024-04-02T10:23:19.7094651+00:00","Properties":[{"Key":{"Id":"NUnit.Seed","Label":"Seed","Category":"","Description":"","Attributes":0,"ValueType":"System.String"},"Value":"517980893"}]},{"TestCase":{"Id":"183aa34a-8bf9-b854-ec27-9cf7c59001a0","FullyQualifiedName":"HouseRentingSystem.Tests.IntegrationsTests.StatisticsApiControllerTests.GetStatistics_ShouldReturnCorrectCounts","DisplayName":"GetStatistics_ShouldReturnCorrectCounts","ExecutorUri":"executor://NUnit3TestExecutor","Source":"D:\\BackEndMarch\\12-Continuous-Integration-II-Resources\\02-House-Renting-System-App\\HouseRentingSystem.Tests\\bin\\Debug\\net6.0\\fine-code-coverage\\build-output\\HouseRentingSystem.Tests.dll","CodeFilePath":null,"LineNumber":0,"Properties":[{"Key":{"Id":"NUnit.Seed","Label":"Seed","Category":"","Description":"","Attributes":0,"ValueType":"System.String"},"Value":"1262073771"}]},"Attachments":[],"Outcome":1,"ErrorMessage":null,"ErrorStackTrace":null,"DisplayName":"GetStatistics_ShouldReturnCorrectCounts","Messages":[],"ComputerName":"DESKTOP-OIK0QOH","Duration":"00:00:00.0152820","StartTime":"2024-04-02T10:23:19.8612108+00:00","EndTime":"2024-04-02T10:23:19.8764921+00:00","Properties":[{"Key":{"Id":"NUnit.Seed","Label":"Seed","Category":"","Description":"","Attributes":0,"ValueType":"System.String"},"Value":"1262073771"}]}],"TestRunStatistics":{"ExecutedTests":2,"Stats":{"Passed":2}},"ActiveTests":[]}}
TpTrace Verbose: 0 : 14680, 7, 2024/04/02, 13:23:20.791, 104235313079, vstest.console.dll, TestRunRequest:SendTestRunStatsChange: Starting.
TpTrace Verbose: 0 : 14680, 7, 2024/04/02, 13:23:20.792, 104235316081, vstest.console.dll, MulticastDelegateUtilities.SafeInvoke: TestRun.RunStatsChanged: Invoking callbacks was skipped because there are no subscribers.
TpTrace Information: 0 : 14680, 7, 2024/04/02, 13:23:20.792, 104235316686, vstest.console.dll, TestRunRequest:SendTestRunStatsChange: Completed.
TpTrace Verbose: 0 : 14680, 7, 2024/04/02, 13:23:20.792, 104235317101, vstest.console.dll, MulticastDelegateUtilities.SafeInvoke: LengthPrefixCommunicationChannel: MessageReceived: Invoking callback 1/1 for Microsoft.VisualStudio.TestPlatform.CommunicationUtilities.TestRequestSender+<>c__DisplayClass34_0., took 26 ms.
TpTrace Verbose: 0 : 14680, 7, 2024/04/02, 13:23:20.792, 104235317465, vstest.console.dll, TcpClientExtensions.MessageLoopAsync: Polling on remoteEndPoint: 127.0.0.1:52124 localEndPoint: 127.0.0.1:52123
TpTrace Verbose: 0 : 14680, 4, 2024/04/02, 13:23:20.794, 104235335838, vstest.console.dll, MulticastDelegateUtilities.SafeInvoke: InternalTestLoggerEvents.SendTestResult: Invoking callback 1/1 for Microsoft.VisualStudio.TestPlatform.CommandLine.Internal.ConsoleLogger., took 1 ms.
TpTrace Verbose: 0 : 14680, 4, 2024/04/02, 13:23:20.794, 104235338550, vstest.console.dll, MulticastDelegateUtilities.SafeInvoke: InternalTestLoggerEvents.SendTestResult: Invoking callback 1/1 for Microsoft.VisualStudio.TestPlatform.CommandLine.Internal.ConsoleLogger., took 0 ms.
TpTrace Verbose: 0 : 14680, 7, 2024/04/02, 13:23:21.789, 104245288200, vstest.console.dll, TcpClientExtensions.MessageLoopAsync: NotifyDataAvailable remoteEndPoint: 127.0.0.1:52124 localEndPoint: 127.0.0.1:52123
TpTrace Verbose: 0 : 14680, 7, 2024/04/02, 13:23:21.789, 104245292193, vstest.console.dll, TestRequestSender.OnExecutionMessageReceived: Received message: {"Version":5,"MessageType":"TestExecution.StatsChange","Payload":{"NewTestResults":[{"TestCase":{"Id":"4a4ba19d-b1e9-74ad-59a0-269e0af76fdd","FullyQualifiedName":"HouseRentingSystem.Tests.UnitTests.AgentServiceTests.AgentWithPhoneNumberExists_ShouldReturnTrue_WithValidData","DisplayName":"AgentWithPhoneNumberExists_ShouldReturnTrue_WithValidData","ExecutorUri":"executor://NUnit3TestExecutor","Source":"D:\\BackEndMarch\\12-Continuous-Integration-II-Resources\\02-House-Renting-System-App\\HouseRentingSystem.Tests\\bin\\Debug\\net6.0\\fine-code-coverage\\build-output\\HouseRentingSystem.Tests.dll","CodeFilePath":null,"LineNumber":0,"Properties":[{"Key":{"Id":"NUnit.Seed","Label":"Seed","Category":"","Description":"","Attributes":0,"ValueType":"System.String"},"Value":"852418411"}]},"Attachments":[],"Outcome":1,"ErrorMessage":null,"ErrorStackTrace":null,"DisplayName":"AgentWithPhoneNumberExists_ShouldReturnTrue_WithValidData","Messages":[],"ComputerName":"DESKTOP-OIK0QOH","Duration":"00:00:00.1852190","StartTime":"2024-04-02T10:23:21.3902501+00:00","EndTime":"2024-04-02T10:23:21.5754687+00:00","Properties":[{"Key":{"Id":"NUnit.Seed","Label":"Seed","Category":"","Description":"","Attributes":0,"ValueType":"System.String"},"Value":"852418411"}]},{"TestCase":{"Id":"1c48fe42-cce2-e6b9-a7d7-abc06baa9e8e","FullyQualifiedName":"HouseRentingSystem.Tests.UnitTests.AgentServiceTests.CreateAgent_ShouldWorkCorrectly","DisplayName":"CreateAgent_ShouldWorkCorrectly","ExecutorUri":"executor://NUnit3TestExecutor","Source":"D:\\BackEndMarch\\12-Continuous-Integration-II-Resources\\02-House-Renting-System-App\\HouseRentingSystem.Tests\\bin\\Debug\\net6.0\\fine-code-coverage\\build-output\\HouseRentingSystem.Tests.dll","CodeFilePath":null,"LineNumber":0,"Properties":[{"Key":{"Id":"NUnit.Seed","Label":"Seed","Category":"","Description":"","Attributes":0,"ValueType":"System.String"},"Value":"662027808"}]},"Attachments":[],"Outcome":1,"ErrorMessage":null,"ErrorStackTrace":null,"DisplayName":"CreateAgent_ShouldWorkCorrectly","Messages":[],"ComputerName":"DESKTOP-OIK0QOH","Duration":"00:00:00.0537700","StartTime":"2024-04-02T10:23:21.5755755+00:00","EndTime":"2024-04-02T10:23:21.6293449+00:00","Properties":[{"Key":{"Id":"NUnit.Seed","Label":"Seed","Category":"","Description":"","Attributes":0,"ValueType":"System.String"},"Value":"662027808"}]},{"TestCase":{"Id":"bb34c39e-f80e-939f-4a0c-3fe71d62106b","FullyQualifiedName":"HouseRentingSystem.Tests.UnitTests.AgentServiceTests.ExistsById_ShouldReturnTrue_WithValidId","DisplayName":"ExistsById_ShouldReturnTrue_WithValidId","ExecutorUri":"executor://NUnit3TestExecutor","Source":"D:\\BackEndMarch\\12-Continuous-Integration-II-Resources\\02-House-Renting-System-App\\HouseRentingSystem.Tests\\bin\\Debug\\net6.0\\fine-code-coverage\\build-output\\HouseRentingSystem.Tests.dll","CodeFilePath":null,"LineNumber":0,"Properties":[{"Key":{"Id":"NUnit.Seed","Label":"Seed","Category":"","Description":"","Attributes":0,"ValueType":"System.String"},"Value":"1761465679"}]},"Attachments":[],"Outcome":1,"ErrorMessage":null,"ErrorStackTrace":null,"DisplayName":"ExistsById_ShouldReturnTrue_WithValidId","Messages":[],"ComputerName":"DESKTOP-OIK0QOH","Duration":"00:00:00.0043730","StartTime":"2024-04-02T10:23:21.6293915+00:00","EndTime":"2024-04-02T10:23:21.6337636+00:00","Properties":[{"Key":{"Id":"NUnit.Seed","Label":"Seed","Category":"","Description":"","Attributes":0,"ValueType":"System.String"},"Value":"1761465679"}]},{"TestCase":{"Id":"39821534-a4ac-e7b6-9426-30ddb68a6867","FullyQualifiedName":"HouseRentingSystem.Tests.UnitTests.AgentServiceTests.GetAgentId_ShouldReturnCorrectUserId","DisplayName":"GetAgentId_ShouldReturnCorrectUserId","ExecutorUri":"executor://NUnit3TestExecutor","Source":"D:\\BackEndMarch\\12-Continuous-Integration-II-Resources\\02-House-Renting-System-App\\HouseRentingSystem.Tests\\bin\\Debug\\net6.0\\fine-code-coverage\\build-output\\HouseRentingSystem.Tests.dll","CodeFilePath":null,"LineNumber":0,"Properties":[{"Key":{"Id":"NUnit.Seed","Label":"Seed","Category":"","Description":"","Attributes":0,"ValueType":"System.String"},"Value":"1102479667"}]},"Attachments":[],"Outcome":1,"ErrorMessage":null,"ErrorStackTrace":null,"DisplayName":"GetAgentId_ShouldReturnCorrectUserId","Messages":[],"ComputerName":"DESKTOP-OIK0QOH","Duration":"00:00:00.0025560","StartTime":"2024-04-02T10:23:21.6337911+00:00","EndTime":"2024-04-02T10:23:21.6363469+00:00","Properties":[{"Key":{"Id":"NUnit.Seed","Label":"Seed","Category":"","Description":"","Attributes":0,"ValueType":"System.String"},"Value":"1102479667"}]},{"TestCase":{"Id":"c1fc1358-6a05-43fc-755d-c831d6e82ed8","FullyQualifiedName":"HouseRentingSystem.Tests.UnitTests.HouseServiceTests.All_ShouldReturnCorrectHouses","DisplayName":"All_ShouldReturnCorrectHouses","ExecutorUri":"executor://NUnit3TestExecutor","Source":"D:\\BackEndMarch\\12-Continuous-Integration-II-Resources\\02-House-Renting-System-App\\HouseRentingSystem.Tests\\bin\\Debug\\net6.0\\fine-code-coverage\\build-output\\HouseRentingSystem.Tests.dll","CodeFilePath":null,"LineNumber":0,"Properties":[{"Key":{"Id":"NUnit.Seed","Label":"Seed","Category":"","Description":"","Attributes":0,"ValueType":"System.String"},"Value":"165436839"}]},"Attachments":[],"Outcome":1,"ErrorMessage":null,"ErrorStackTrace":null,"DisplayName":"All_ShouldReturnCorrectHouses","Messages":[],"ComputerName":"DESKTOP-OIK0QOH","Duration":"00:00:00.0864240","StartTime":"2024-04-02T10:23:21.6560006+00:00","EndTime":"2024-04-02T10:23:21.7424246+00:00","Properties":[{"Key":{"Id":"NUnit.Seed","Label":"Seed","Category":"","Description":"","Attributes":0,"ValueType":"System.String"},"Value":"165436839"}]},{"TestCase":{"Id":"afb3f7d0-4274-d246-82ae-84031d1c57eb","FullyQualifiedName":"HouseRentingSystem.Tests.UnitTests.HouseServiceTests.AllCategories_ShouldReturnCorrectCategories","DisplayName":"AllCategories_ShouldReturnCorrectCategories","ExecutorUri":"executor://NUnit3TestExecutor","Source":"D:\\BackEndMarch\\12-Continuous-Integration-II-Resources\\02-House-Renting-System-App\\HouseRentingSystem.Tests\\bin\\Debug\\net6.0\\fine-code-coverage\\build-output\\HouseRentingSystem.Tests.dll","CodeFilePath":null,"LineNumber":0,"Properties":[{"Key":{"Id":"NUnit.Seed","Label":"Seed","Category":"","Description":"","Attributes":0,"ValueType":"System.String"},"Value":"1624676208"}]},"Attachments":[],"Outcome":1,"ErrorMessage":null,"ErrorStackTrace":null,"DisplayName":"AllCategories_ShouldReturnCorrectCategories","Messages":[],"ComputerName":"DESKTOP-OIK0QOH","Duration":"00:00:00.0125019","StartTime":"2024-04-02T10:23:21.7424553+00:00","EndTime":"2024-04-02T10:23:21.7549568+00:00","Properties":[{"Key":{"Id":"NUnit.Seed","Label":"Seed","Category":"","Description":"","Attributes":0,"ValueType":"System.String"},"Value":"1624676208"}]},{"TestCase":{"Id":"501cbf97-2dc4-3855-9be1-f64ebe37b250","FullyQualifiedName":"HouseRentingSystem.Tests.UnitTests.HouseServiceTests.AllCategoryNames_ShouldReturnCorrectResult","DisplayName":"AllCategoryNames_ShouldReturnCorrectResult","ExecutorUri":"executor://NUnit3TestExecutor","Source":"D:\\BackEndMarch\\12-Continuous-Integration-II-Resources\\02-House-Renting-System-App\\HouseRentingSystem.Tests\\bin\\Debug\\net6.0\\fine-code-coverage\\build-output\\HouseRentingSystem.Tests.dll","CodeFilePath":null,"LineNumber":0,"Properties":[{"Key":{"Id":"NUnit.Seed","Label":"Seed","Category":"","Description":"","Attributes":0,"ValueType":"System.String"},"Value":"418459483"}]},"Attachments":[],"Outcome":1,"ErrorMessage":null,"ErrorStackTrace":null,"DisplayName":"AllCategoryNames_ShouldReturnCorrectResult","Messages":[],"ComputerName":"DESKTOP-OIK0QOH","Duration":"00:00:00.0110020","StartTime":"2024-04-02T10:23:21.7549869+00:00","EndTime":"2024-04-02T10:23:21.7659881+00:00","Properties":[{"Key":{"Id":"NUnit.Seed","Label":"Seed","Category":"","Description":"","Attributes":0,"ValueType":"System.String"},"Value":"418459483"}]},{"TestCase":{"Id":"7e6deceb-1e63-2628-54ad-e72d30e03650","FullyQualifiedName":"HouseRentingSystem.Tests.UnitTests.HouseServiceTests.AllHousesByAgentId_ShouldReturnCorrectHouses","DisplayName":"AllHousesByAgentId_ShouldReturnCorrectHouses","ExecutorUri":"executor://NUnit3TestExecutor","Source":"D:\\BackEndMarch\\12-Continuous-Integration-II-Resources\\02-House-Renting-System-App\\HouseRentingSystem.Tests\\bin\\Debug\\net6.0\\fine-code-coverage\\build-output\\HouseRentingSystem.Tests.dll","CodeFilePath":null,"LineNumber":0,"Properties":[{"Key":{"Id":"NUnit.Seed","Label":"Seed","Category":"","Description":"","Attributes":0,"ValueType":"System.String"},"Value":"1243610702"}]},"Attachments":[],"Outcome":1,"ErrorMessage":null,"ErrorStackTrace":null,"DisplayName":"AllHousesByAgentId_ShouldReturnCorrectHouses","Messages":[],"ComputerName":"DESKTOP-OIK0QOH","Duration":"00:00:00.0111780","StartTime":"2024-04-02T10:23:21.766019+00:00","EndTime":"2024-04-02T10:23:21.7771964+00:00","Properties":[{"Key":{"Id":"NUnit.Seed","Label":"Seed","Category":"","Description":"","Attributes":0,"ValueType":"System.String"},"Value":"1243610702"}]},{"TestCase":{"Id":"3178a6b3-c7a9-2811-ebdb-98d05fd32082","FullyQualifiedName":"HouseRentingSystem.Tests.UnitTests.HouseServiceTests.AllHousesByUserId_ShouldReturnCorrectHouses","DisplayName":"AllHousesByUserId_ShouldReturnCorrectHouses","ExecutorUri":"executor://NUnit3TestExecutor","Source":"D:\\BackEndMarch\\12-Continuous-Integration-II-Resources\\02-House-Renting-System-App\\HouseRentingSystem.Tests\\bin\\Debug\\net6.0\\fine-code-coverage\\build-output\\HouseRentingSystem.Tests.dll","CodeFilePath":null,"LineNumber":0,"Properties":[{"Key":{"Id":"NUnit.Seed","Label":"Seed","Category":"","Description":"","Attributes":0,"ValueType":"System.String"},"Value":"1009449777"}]},"Attachments":[],"Outcome":1,"ErrorMessage":null,"ErrorStackTrace":null,"DisplayName":"AllHousesByUserId_ShouldReturnCorrectHouses","Messages":[],"ComputerName":"DESKTOP-OIK0QOH","Duration":"00:00:00.0085990","StartTime":"2024-04-02T10:23:21.7772257+00:00","EndTime":"2024-04-02T10:23:21.7858239+00:00","Properties":[{"Key":{"Id":"NUnit.Seed","Label":"Seed","Category":"","Description":"","Attributes":0,"ValueType":"System.String"},"Value":"1009449777"}]}],"TestRunStatistics":{"ExecutedTests":11,"Stats":{"Passed":11}},"ActiveTests":[{"Id":"dca6fc11-2c20-02b1-c939-d8f872720d01","FullyQualifiedName":"HouseRentingSystem.Tests.UnitTests.HouseServiceTests.CategoryExists_ShouldReturnTrue_WithValidId","DisplayName":"CategoryExists_ShouldReturnTrue_WithValidId","ExecutorUri":"executor://NUnit3TestExecutor","Source":"D:\\BackEndMarch\\12-Continuous-Integration-II-Resources\\02-House-Renting-System-App\\HouseRentingSystem.Tests\\bin\\Debug\\net6.0\\fine-code-coverage\\build-output\\HouseRentingSystem.Tests.dll","CodeFilePath":null,"LineNumber":0,"Properties":[{"Key":{"Id":"NUnit.Seed","Label":"Seed","Category":"","Description":"","Attributes":0,"ValueType":"System.String"},"Value":"1971086879"}]}]}}
TpTrace Verbose: 0 : 14680, 7, 2024/04/02, 13:23:21.792, 104245319079, vstest.console.dll, TestRunRequest:SendTestRunStatsChange: Starting.
TpTrace Verbose: 0 : 14680, 7, 2024/04/02, 13:23:21.792, 104245320507, vstest.console.dll, InProgress is CategoryExists_ShouldReturnTrue_WithValidId
TpTrace Verbose: 0 : 14680, 7, 2024/04/02, 13:23:21.792, 104245321663, vstest.console.dll, MulticastDelegateUtilities.SafeInvoke: TestRun.RunStatsChanged: Invoking callbacks was skipped because there are no subscribers.
TpTrace Information: 0 : 14680, 7, 2024/04/02, 13:23:21.792, 104245322037, vstest.console.dll, TestRunRequest:SendTestRunStatsChange: Completed.
TpTrace Verbose: 0 : 14680, 7, 2024/04/02, 13:23:21.792, 104245322381, vstest.console.dll, MulticastDelegateUtilities.SafeInvoke: LengthPrefixCommunicationChannel: MessageReceived: Invoking callback 1/1 for Microsoft.VisualStudio.TestPlatform.CommunicationUtilities.TestRequestSender+<>c__DisplayClass34_0., took 3 ms.
TpTrace Verbose: 0 : 14680, 4, 2024/04/02, 13:23:21.792, 104245322674, vstest.console.dll, MulticastDelegateUtilities.SafeInvoke: InternalTestLoggerEvents.SendTestResult: Invoking callback 1/1 for Microsoft.VisualStudio.TestPlatform.CommandLine.Internal.ConsoleLogger., took 0 ms.
TpTrace Verbose: 0 : 14680, 4, 2024/04/02, 13:23:21.792, 104245323697, vstest.console.dll, MulticastDelegateUtilities.SafeInvoke: InternalTestLoggerEvents.SendTestResult: Invoking callback 1/1 for Microsoft.VisualStudio.TestPlatform.CommandLine.Internal.ConsoleLogger., took 0 ms.
TpTrace Verbose: 0 : 14680, 7, 2024/04/02, 13:23:21.792, 104245322741, vstest.console.dll, TcpClientExtensions.MessageLoopAsync: Polling on remoteEndPoint: 127.0.0.1:52124 localEndPoint: 127.0.0.1:52123
TpTrace Verbose: 0 : 14680, 4, 2024/04/02, 13:23:21.793, 104245324579, vstest.console.dll, MulticastDelegateUtilities.SafeInvoke: InternalTestLoggerEvents.SendTestResult: Invoking callback 1/1 for Microsoft.VisualStudio.TestPlatform.CommandLine.Internal.ConsoleLogger., took 0 ms.
TpTrace Verbose: 0 : 14680, 4, 2024/04/02, 13:23:21.793, 104245326565, vstest.console.dll, MulticastDelegateUtilities.SafeInvoke: InternalTestLoggerEvents.SendTestResult: Invoking callback 1/1 for Microsoft.VisualStudio.TestPlatform.CommandLine.Internal.ConsoleLogger., took 0 ms.
TpTrace Verbose: 0 : 14680, 4, 2024/04/02, 13:23:21.793, 104245327240, vstest.console.dll, MulticastDelegateUtilities.SafeInvoke: InternalTestLoggerEvents.SendTestResult: Invoking callback 1/1 for Microsoft.VisualStudio.TestPlatform.CommandLine.Internal.ConsoleLogger., took 0 ms.
TpTrace Verbose: 0 : 14680, 4, 2024/04/02, 13:23:21.793, 104245327723, vstest.console.dll, MulticastDelegateUtilities.SafeInvoke: InternalTestLoggerEvents.SendTestResult: Invoking callback 1/1 for Microsoft.VisualStudio.TestPlatform.CommandLine.Internal.ConsoleLogger., took 0 ms.
TpTrace Verbose: 0 : 14680, 4, 2024/04/02, 13:23:21.793, 104245328207, vstest.console.dll, MulticastDelegateUtilities.SafeInvoke: InternalTestLoggerEvents.SendTestResult: Invoking callback 1/1 for Microsoft.VisualStudio.TestPlatform.CommandLine.Internal.ConsoleLogger., took 0 ms.
TpTrace Verbose: 0 : 14680, 4, 2024/04/02, 13:23:21.793, 104245329115, vstest.console.dll, MulticastDelegateUtilities.SafeInvoke: InternalTestLoggerEvents.SendTestResult: Invoking callback 1/1 for Microsoft.VisualStudio.TestPlatform.CommandLine.Internal.ConsoleLogger., took 0 ms.
TpTrace Verbose: 0 : 14680, 4, 2024/04/02, 13:23:21.793, 104245329742, vstest.console.dll, MulticastDelegateUtilities.SafeInvoke: InternalTestLoggerEvents.SendTestResult: Invoking callback 1/1 for Microsoft.VisualStudio.TestPlatform.CommandLine.Internal.ConsoleLogger., took 0 ms.
TpTrace Verbose: 0 : 14680, 7, 2024/04/02, 13:23:21.959, 104246985476, vstest.console.dll, TcpClientExtensions.MessageLoopAsync: NotifyDataAvailable remoteEndPoint: 127.0.0.1:52124 localEndPoint: 127.0.0.1:52123
TpTrace Verbose: 0 : 14680, 7, 2024/04/02, 13:23:21.959, 104246991312, vstest.console.dll, TestRequestSender.OnExecutionMessageReceived: Received message: {"Version":5,"MessageType":"TestExecution.StatsChange","Payload":{"NewTestResults":[{"TestCase":{"Id":"dca6fc11-2c20-02b1-c939-d8f872720d01","FullyQualifiedName":"HouseRentingSystem.Tests.UnitTests.HouseServiceTests.CategoryExists_ShouldReturnTrue_WithValidId","DisplayName":"CategoryExists_ShouldReturnTrue_WithValidId","ExecutorUri":"executor://NUnit3TestExecutor","Source":"D:\\BackEndMarch\\12-Continuous-Integration-II-Resources\\02-House-Renting-System-App\\HouseRentingSystem.Tests\\bin\\Debug\\net6.0\\fine-code-coverage\\build-output\\HouseRentingSystem.Tests.dll","CodeFilePath":null,"LineNumber":0,"Properties":[{"Key":{"Id":"NUnit.Seed","Label":"Seed","Category":"","Description":"","Attributes":0,"ValueType":"System.String"},"Value":"1971086879"}]},"Attachments":[],"Outcome":1,"ErrorMessage":null,"ErrorStackTrace":null,"DisplayName":"CategoryExists_ShouldReturnTrue_WithValidId","Messages":[],"ComputerName":"DESKTOP-OIK0QOH","Duration":"00:00:00.0127840","StartTime":"2024-04-02T10:23:21.7858509+00:00","EndTime":"2024-04-02T10:23:21.7986346+00:00","Properties":[{"Key":{"Id":"NUnit.Seed","Label":"Seed","Category":"","Description":"","Attributes":0,"ValueType":"System.String"},"Value":"1971086879"}]},{"TestCase":{"Id":"1b644484-0fbb-38a5-d7be-a47f97429959","FullyQualifiedName":"HouseRentingSystem.Tests.UnitTests.HouseServiceTests.Create_ShouldCreateHouse","DisplayName":"Create_ShouldCreateHouse","ExecutorUri":"executor://NUnit3TestExecutor","Source":"D:\\BackEndMarch\\12-Continuous-Integration-II-Resources\\02-House-Renting-System-App\\HouseRentingSystem.Tests\\bin\\Debug\\net6.0\\fine-code-coverage\\build-output\\HouseRentingSystem.Tests.dll","CodeFilePath":null,"LineNumber":0,"Properties":[{"Key":{"Id":"NUnit.Seed","Label":"Seed","Category":"","Description":"","Attributes":0,"ValueType":"System.String"},"Value":"420112515"}]},"Attachments":[],"Outcome":1,"ErrorMessage":null,"ErrorStackTrace":null,"DisplayName":"Create_ShouldCreateHouse","Messages":[],"ComputerName":"DESKTOP-OIK0QOH","Duration":"00:00:00.0038930","StartTime":"2024-04-02T10:23:21.7986815+00:00","EndTime":"2024-04-02T10:23:21.802574+00:00","Properties":[{"Key":{"Id":"NUnit.Seed","Label":"Seed","Category":"","Description":"","Attributes":0,"ValueType":"System.String"},"Value":"420112515"}]},{"TestCase":{"Id":"8acbe544-8791-7541-0d15-94d0ad355c1d","FullyQualifiedName":"HouseRentingSystem.Tests.UnitTests.HouseServiceTests.Delete_ShouldDeleteHouseSuccessfully","DisplayName":"Delete_ShouldDeleteHouseSuccessfully","ExecutorUri":"executor://NUnit3TestExecutor","Source":"D:\\BackEndMarch\\12-Continuous-Integration-II-Resources\\02-House-Renting-System-App\\HouseRentingSystem.Tests\\bin\\Debug\\net6.0\\fine-code-coverage\\build-output\\HouseRentingSystem.Tests.dll","CodeFilePath":null,"LineNumber":0,"Properties":[{"Key":{"Id":"NUnit.Seed","Label":"Seed","Category":"","Description":"","Attributes":0,"ValueType":"System.String"},"Value":"386640720"}]},"Attachments":[],"Outcome":1,"ErrorMessage":null,"ErrorStackTrace":null,"DisplayName":"Delete_ShouldDeleteHouseSuccessfully","Messages":[],"ComputerName":"DESKTOP-OIK0QOH","Duration":"00:00:00.0203000","StartTime":"2024-04-02T10:23:21.8025997+00:00","EndTime":"2024-04-02T10:23:21.8228996+00:00","Properties":[{"Key":{"Id":"NUnit.Seed","Label":"Seed","Category":"","Description":"","Attributes":0,"ValueType":"System.String"},"Value":"386640720"}]},{"TestCase":{"Id":"1e2eae05-3ea3-6fb2-c952-76632dc6958b","FullyQualifiedName":"HouseRentingSystem.Tests.UnitTests.HouseServiceTests.Edit_ShouldEditHouseCorrectly","DisplayName":"Edit_ShouldEditHouseCorrectly","ExecutorUri":"executor://NUnit3TestExecutor","Source":"D:\\BackEndMarch\\12-Continuous-Integration-II-Resources\\02-House-Renting-System-App\\HouseRentingSystem.Tests\\bin\\Debug\\net6.0\\fine-code-coverage\\build-output\\HouseRentingSystem.Tests.dll","CodeFilePath":null,"LineNumber":0,"Properties":[{"Key":{"Id":"NUnit.Seed","Label":"Seed","Category":"","Description":"","Attributes":0,"ValueType":"System.String"},"Value":"1893268282"}]},"Attachments":[],"Outcome":1,"ErrorMessage":null,"ErrorStackTrace":null,"DisplayName":"Edit_ShouldEditHouseCorrectly","Messages":[],"ComputerName":"DESKTOP-OIK0QOH","Duration":"00:00:00.0048710","StartTime":"2024-04-02T10:23:21.8229293+00:00","EndTime":"2024-04-02T10:23:21.8278002+00:00","Properties":[{"Key":{"Id":"NUnit.Seed","Label":"Seed","Category":"","Description":"","Attributes":0,"ValueType":"System.String"},"Value":"1893268282"}]},{"TestCase":{"Id":"842c814d-cc0e-1077-a329-2c1de4dceddc","FullyQualifiedName":"HouseRentingSystem.Tests.UnitTests.HouseServiceTests.Exists_ShouldReturnCorrectTrue_WithValidId","DisplayName":"Exists_ShouldReturnCorrectTrue_WithValidId","ExecutorUri":"executor://NUnit3TestExecutor","Source":"D:\\BackEndMarch\\12-Continuous-Integration-II-Resources\\02-House-Renting-System-App\\HouseRentingSystem.Tests\\bin\\Debug\\net6.0\\fine-code-coverage\\build-output\\HouseRentingSystem.Tests.dll","CodeFilePath":null,"LineNumber":0,"Properties":[{"Key":{"Id":"NUnit.Seed","Label":"Seed","Category":"","Description":"","Attributes":0,"ValueType":"System.String"},"Value":"949529983"}]},"Attachments":[],"Outcome":1,"ErrorMessage":null,"ErrorStackTrace":null,"DisplayName":"Exists_ShouldReturnCorrectTrue_WithValidId","Messages":[],"ComputerName":"DESKTOP-OIK0QOH","Duration":"00:00:00.0033270","StartTime":"2024-04-02T10:23:21.8278515+00:00","EndTime":"2024-04-02T10:23:21.8311783+00:00","Properties":[{"Key":{"Id":"NUnit.Seed","Label":"Seed","Category":"","Description":"","Attributes":0,"ValueType":"System.String"},"Value":"949529983"}]},{"TestCase":{"Id":"0ae26e54-b33a-336f-dd6f-a0cda3739874","FullyQualifiedName":"HouseRentingSystem.Tests.UnitTests.HouseServiceTests.GetHouseCategoryId_ShouldReturnCorrectId","DisplayName":"GetHouseCategoryId_ShouldReturnCorrectId","ExecutorUri":"executor://NUnit3TestExecutor","Source":"D:\\BackEndMarch\\12-Continuous-Integration-II-Resources\\02-House-Renting-System-App\\HouseRentingSystem.Tests\\bin\\Debug\\net6.0\\fine-code-coverage\\build-output\\HouseRentingSystem.Tests.dll","CodeFilePath":null,"LineNumber":0,"Properties":[{"Key":{"Id":"NUnit.Seed","Label":"Seed","Category":"","Description":"","Attributes":0,"ValueType":"System.String"},"Value":"929488739"}]},"Attachments":[],"Outcome":1,"ErrorMessage":null,"ErrorStackTrace":null,"DisplayName":"GetHouseCategoryId_ShouldReturnCorrectId","Messages":[],"ComputerName":"DESKTOP-OIK0QOH","Duration":"00:00:00.0005410","StartTime":"2024-04-02T10:23:21.8312251+00:00","EndTime":"2024-04-02T10:23:21.8317657+00:00","Properties":[{"Key":{"Id":"NUnit.Seed","Label":"Seed","Category":"","Description":"","Attributes":0,"ValueType":"System.String"},"Value":"929488739"}]},{"TestCase":{"Id":"115f308f-3ab7-324a-cc3b-01998c8b562f","FullyQualifiedName":"HouseRentingSystem.Tests.UnitTests.HouseServiceTests.HasAgentWithId_ShouldReturnTrue_WithValidId","DisplayName":"HasAgentWithId_ShouldReturnTrue_WithValidId","ExecutorUri":"executor://NUnit3TestExecutor","Source":"D:\\BackEndMarch\\12-Continuous-Integration-II-Resources\\02-House-Renting-System-App\\HouseRentingSystem.Tests\\bin\\Debug\\net6.0\\fine-code-coverage\\build-output\\HouseRentingSystem.Tests.dll","CodeFilePath":null,"LineNumber":0,"Properties":[{"Key":{"Id":"NUnit.Seed","Label":"Seed","Category":"","Description":"","Attributes":0,"ValueType":"System.String"},"Value":"1127958463"}]},"Attachments":[],"Outcome":1,"ErrorMessage":null,"ErrorStackTrace":null,"DisplayName":"HasAgentWithId_ShouldReturnTrue_WithValidId","Messages":[],"ComputerName":"DESKTOP-OIK0QOH","Duration":"00:00:00.0057570","StartTime":"2024-04-02T10:23:21.8317824+00:00","EndTime":"2024-04-02T10:23:21.837539+00:00","Properties":[{"Key":{"Id":"NUnit.Seed","Label":"Seed","Category":"","Description":"","Attributes":0,"ValueType":"System.String"},"Value":"1127958463"}]},{"TestCase":{"Id":"e562f42b-52d9-7a54-bcf5-b73a27947a78","FullyQualifiedName":"HouseRentingSystem.Tests.UnitTests.HouseServiceTests.HouseDetailsById_ShouldReturnCorrectHouseData","DisplayName":"HouseDetailsById_ShouldReturnCorrectHouseData","ExecutorUri":"executor://NUnit3TestExecutor","Source":"D:\\BackEndMarch\\12-Continuous-Integration-II-Resources\\02-House-Renting-System-App\\HouseRentingSystem.Tests\\bin\\Debug\\net6.0\\fine-code-coverage\\build-output\\HouseRentingSystem.Tests.dll","CodeFilePath":null,"LineNumber":0,"Properties":[{"Key":{"Id":"NUnit.Seed","Label":"Seed","Category":"","Description":"","Attributes":0,"ValueType":"System.String"},"Value":"1619909866"}]},"Attachments":[],"Outcome":1,"ErrorMessage":null,"ErrorStackTrace":null,"DisplayName":"HouseDetailsById_ShouldReturnCorrectHouseData","Messages":[],"ComputerName":"DESKTOP-OIK0QOH","Duration":"00:00:00.1161640","StartTime":"2024-04-02T10:23:21.8375797+00:00","EndTime":"2024-04-02T10:23:21.9537429+00:00","Properties":[{"Key":{"Id":"NUnit.Seed","Label":"Seed","Category":"","Description":"","Attributes":0,"ValueType":"System.String"},"Value":"1619909866"}]},{"TestCase":{"Id":"b61a4563-e1cd-77a9-2ef8-51088f4db293","FullyQualifiedName":"HouseRentingSystem.Tests.UnitTests.HouseServiceTests.IsRented_ShouldReturnCorrectTrue_WithValidId","DisplayName":"IsRented_ShouldReturnCorrectTrue_WithValidId","ExecutorUri":"executor://NUnit3TestExecutor","Source":"D:\\BackEndMarch\\12-Continuous-Integration-II-Resources\\02-House-Renting-System-App\\HouseRentingSystem.Tests\\bin\\Debug\\net6.0\\fine-code-coverage\\build-output\\HouseRentingSystem.Tests.dll","CodeFilePath":null,"LineNumber":0,"Properties":[{"Key":{"Id":"NUnit.Seed","Label":"Seed","Category":"","Description":"","Attributes":0,"ValueType":"System.String"},"Value":"704181231"}]},"Attachments":[],"Outcome":1,"ErrorMessage":null,"ErrorStackTrace":null,"DisplayName":"IsRented_ShouldReturnCorrectTrue_WithValidId","Messages":[],"ComputerName":"DESKTOP-OIK0QOH","Duration":"00:00:00.0002509","StartTime":"2024-04-02T10:23:21.9537929+00:00","EndTime":"2024-04-02T10:23:21.9540437+00:00","Properties":[{"Key":{"Id":"NUnit.Seed","Label":"Seed","Category":"","Description":"","Attributes":0,"ValueType":"System.String"},"Value":"704181231"}]}],"TestRunStatistics":{"ExecutedTests":20,"Stats":{"Passed":20}},"ActiveTests":[{"Id":"4cef5da8-a158-5acb-5516-63b7e8800887","FullyQualifiedName":"HouseRentingSystem.Tests.UnitTests.HouseServiceTests.IsRentedByUserWithId_ShouldReturnCorrectTrue_WithValidId","DisplayName":"IsRentedByUserWithId_ShouldReturnCorrectTrue_WithValidId","ExecutorUri":"executor://NUnit3TestExecutor","Source":"D:\\BackEndMarch\\12-Continuous-Integration-II-Resources\\02-House-Renting-System-App\\HouseRentingSystem.Tests\\bin\\Debug\\net6.0\\fine-code-coverage\\build-output\\HouseRentingSystem.Tests.dll","CodeFilePath":null,"LineNumber":0,"Properties":[{"Key":{"Id":"NUnit.Seed","Label":"Seed","Category":"","Description":"","Attributes":0,"ValueType":"System.String"},"Value":"713605836"}]}]}}
TpTrace Verbose: 0 : 14680, 7, 2024/04/02, 13:23:21.961, 104247008341, vstest.console.dll, TestRunRequest:SendTestRunStatsChange: Starting.
TpTrace Verbose: 0 : 14680, 7, 2024/04/02, 13:23:21.961, 104247009532, vstest.console.dll, InProgress is IsRentedByUserWithId_ShouldReturnCorrectTrue_WithValidId
TpTrace Verbose: 0 : 14680, 7, 2024/04/02, 13:23:21.961, 104247010474, vstest.console.dll, MulticastDelegateUtilities.SafeInvoke: TestRun.RunStatsChanged: Invoking callbacks was skipped because there are no subscribers.
TpTrace Information: 0 : 14680, 7, 2024/04/02, 13:23:21.961, 104247010833, vstest.console.dll, TestRunRequest:SendTestRunStatsChange: Completed.
TpTrace Verbose: 0 : 14680, 7, 2024/04/02, 13:23:21.961, 104247011241, vstest.console.dll, MulticastDelegateUtilities.SafeInvoke: LengthPrefixCommunicationChannel: MessageReceived: Invoking callback 1/1 for Microsoft.VisualStudio.TestPlatform.CommunicationUtilities.TestRequestSender+<>c__DisplayClass34_0., took 2 ms.
TpTrace Verbose: 0 : 14680, 4, 2024/04/02, 13:23:21.961, 104247011521, vstest.console.dll, MulticastDelegateUtilities.SafeInvoke: InternalTestLoggerEvents.SendTestResult: Invoking callback 1/1 for Microsoft.VisualStudio.TestPlatform.CommandLine.Internal.ConsoleLogger., took 0 ms.
TpTrace Verbose: 0 : 14680, 7, 2024/04/02, 13:23:21.961, 104247011756, vstest.console.dll, TcpClientExtensions.MessageLoopAsync: Polling on remoteEndPoint: 127.0.0.1:52124 localEndPoint: 127.0.0.1:52123
TpTrace Verbose: 0 : 14680, 4, 2024/04/02, 13:23:21.961, 104247012548, vstest.console.dll, MulticastDelegateUtilities.SafeInvoke: InternalTestLoggerEvents.SendTestResult: Invoking callback 1/1 for Microsoft.VisualStudio.TestPlatform.CommandLine.Internal.ConsoleLogger., took 0 ms.
TpTrace Verbose: 0 : 14680, 4, 2024/04/02, 13:23:21.962, 104247014621, vstest.console.dll, MulticastDelegateUtilities.SafeInvoke: InternalTestLoggerEvents.SendTestResult: Invoking callback 1/1 for Microsoft.VisualStudio.TestPlatform.CommandLine.Internal.ConsoleLogger., took 0 ms.
TpTrace Verbose: 0 : 14680, 4, 2024/04/02, 13:23:21.962, 104247015180, vstest.console.dll, MulticastDelegateUtilities.SafeInvoke: InternalTestLoggerEvents.SendTestResult: Invoking callback 1/1 for Microsoft.VisualStudio.TestPlatform.CommandLine.Internal.ConsoleLogger., took 0 ms.
TpTrace Verbose: 0 : 14680, 4, 2024/04/02, 13:23:21.962, 104247015690, vstest.console.dll, MulticastDelegateUtilities.SafeInvoke: InternalTestLoggerEvents.SendTestResult: Invoking callback 1/1 for Microsoft.VisualStudio.TestPlatform.CommandLine.Internal.ConsoleLogger., took 0 ms.
TpTrace Verbose: 0 : 14680, 4, 2024/04/02, 13:23:21.962, 104247016174, vstest.console.dll, MulticastDelegateUtilities.SafeInvoke: InternalTestLoggerEvents.SendTestResult: Invoking callback 1/1 for Microsoft.VisualStudio.TestPlatform.CommandLine.Internal.ConsoleLogger., took 0 ms.
TpTrace Verbose: 0 : 14680, 4, 2024/04/02, 13:23:21.962, 104247016645, vstest.console.dll, MulticastDelegateUtilities.SafeInvoke: InternalTestLoggerEvents.SendTestResult: Invoking callback 1/1 for Microsoft.VisualStudio.TestPlatform.CommandLine.Internal.ConsoleLogger., took 0 ms.
TpTrace Verbose: 0 : 14680, 4, 2024/04/02, 13:23:21.962, 104247017114, vstest.console.dll, MulticastDelegateUtilities.SafeInvoke: InternalTestLoggerEvents.SendTestResult: Invoking callback 1/1 for Microsoft.VisualStudio.TestPlatform.CommandLine.Internal.ConsoleLogger., took 0 ms.
TpTrace Verbose: 0 : 14680, 4, 2024/04/02, 13:23:21.962, 104247017561, vstest.console.dll, MulticastDelegateUtilities.SafeInvoke: InternalTestLoggerEvents.SendTestResult: Invoking callback 1/1 for Microsoft.VisualStudio.TestPlatform.CommandLine.Internal.ConsoleLogger., took 0 ms.
TpTrace Verbose: 0 : 14680, 7, 2024/04/02, 13:23:22.120, 104248598035, vstest.console.dll, TcpClientExtensions.MessageLoopAsync: NotifyDataAvailable remoteEndPoint: 127.0.0.1:52124 localEndPoint: 127.0.0.1:52123
TpTrace Verbose: 0 : 14680, 7, 2024/04/02, 13:23:22.120, 104248599356, vstest.console.dll, TestRequestSender.OnExecutionMessageReceived: Received message: {"Version":5,"MessageType":"TestSession.Message","Payload":{"MessageLevel":0,"Message":"NUnit Adapter 4.2.0.0: Test execution complete"}}
TpTrace Verbose: 0 : 14680, 7, 2024/04/02, 13:23:22.120, 104248600493, vstest.console.dll, TestRunRequest:SendTestRunMessage: Starting.
TpTrace Verbose: 0 : 14680, 7, 2024/04/02, 13:23:22.120, 104248601125, vstest.console.dll, MulticastDelegateUtilities.SafeInvoke: TestRun.LogMessages: Invoking callback 1/1 for Microsoft.VisualStudio.TestPlatform.CommandLine.TestRunResultAggregator., took 0 ms.
TpTrace Information: 0 : 14680, 7, 2024/04/02, 13:23:22.120, 104248601458, vstest.console.dll, TestRunRequest:SendTestRunMessage: Completed.
TpTrace Verbose: 0 : 14680, 4, 2024/04/02, 13:23:22.120, 104248601423, vstest.console.dll, MulticastDelegateUtilities.SafeInvoke: InternalTestLoggerEvents.SendTestRunMessage: Invoking callback 1/1 for Microsoft.VisualStudio.TestPlatform.CommandLine.Internal.ConsoleLogger., took 0 ms.
TpTrace Verbose: 0 : 14680, 7, 2024/04/02, 13:23:22.120, 104248601812, vstest.console.dll, MulticastDelegateUtilities.SafeInvoke: LengthPrefixCommunicationChannel: MessageReceived: Invoking callback 1/1 for Microsoft.VisualStudio.TestPlatform.CommunicationUtilities.TestRequestSender+<>c__DisplayClass34_0., took 0 ms.
TpTrace Verbose: 0 : 14680, 7, 2024/04/02, 13:23:22.120, 104248603110, vstest.console.dll, TcpClientExtensions.MessageLoopAsync: Polling on remoteEndPoint: 127.0.0.1:52124 localEndPoint: 127.0.0.1:52123
TpTrace Verbose: 0 : 14680, 7, 2024/04/02, 13:23:22.143, 104248828224, vstest.console.dll, TcpClientExtensions.MessageLoopAsync: NotifyDataAvailable remoteEndPoint: 127.0.0.1:52124 localEndPoint: 127.0.0.1:52123
TpTrace Verbose: 0 : 14680, 7, 2024/04/02, 13:23:22.143, 104248831008, vstest.console.dll, TestRequestSender.OnExecutionMessageReceived: Received message: {"Version":5,"MessageType":"TestExecution.Completed","Payload":{"TestRunCompleteArgs":{"TestRunStatistics":{"ExecutedTests":29,"Stats":{"Passed":29}},"IsCanceled":false,"IsAborted":false,"Error":null,"AttachmentSets":[],"ElapsedTimeInRunningTests":"00:00:02.8031335","Metrics":{}},"LastRunTests":{"NewTestResults":[{"TestCase":{"Id":"4cef5da8-a158-5acb-5516-63b7e8800887","FullyQualifiedName":"HouseRentingSystem.Tests.UnitTests.HouseServiceTests.IsRentedByUserWithId_ShouldReturnCorrectTrue_WithValidId","DisplayName":"IsRentedByUserWithId_ShouldReturnCorrectTrue_WithValidId","ExecutorUri":"executor://NUnit3TestExecutor","Source":"D:\\BackEndMarch\\12-Continuous-Integration-II-Resources\\02-House-Renting-System-App\\HouseRentingSystem.Tests\\bin\\Debug\\net6.0\\fine-code-coverage\\build-output\\HouseRentingSystem.Tests.dll","CodeFilePath":null,"LineNumber":0,"Properties":[{"Key":{"Id":"NUnit.Seed","Label":"Seed","Category":"","Description":"","Attributes":0,"ValueType":"System.String"},"Value":"713605836"}]},"Attachments":[],"Outcome":1,"ErrorMessage":null,"ErrorStackTrace":null,"DisplayName":"IsRentedByUserWithId_ShouldReturnCorrectTrue_WithValidId","Messages":[],"ComputerName":"DESKTOP-OIK0QOH","Duration":"00:00:00.0003840","StartTime":"2024-04-02T10:23:21.9540568+00:00","EndTime":"2024-04-02T10:23:21.9544405+00:00","Properties":[{"Key":{"Id":"NUnit.Seed","Label":"Seed","Category":"","Description":"","Attributes":0,"ValueType":"System.String"},"Value":"713605836"}]},{"TestCase":{"Id":"17dc49a3-1e59-f513-63e6-7eab3e02acba","FullyQualifiedName":"HouseRentingSystem.Tests.UnitTests.HouseServiceTests.LastThreeHouses_ShouldReturnCorrectHouses","DisplayName":"LastThreeHouses_ShouldReturnCorrectHouses","ExecutorUri":"executor://NUnit3TestExecutor","Source":"D:\\BackEndMarch\\12-Continuous-Integration-II-Resources\\02-House-Renting-System-App\\HouseRentingSystem.Tests\\bin\\Debug\\net6.0\\fine-code-coverage\\build-output\\HouseRentingSystem.Tests.dll","CodeFilePath":null,"LineNumber":0,"Properties":[{"Key":{"Id":"NUnit.Seed","Label":"Seed","Category":"","Description":"","Attributes":0,"ValueType":"System.String"},"Value":"866812720"}]},"Attachments":[],"Outcome":1,"ErrorMessage":null,"ErrorStackTrace":null,"DisplayName":"LastThreeHouses_ShouldReturnCorrectHouses","Messages":[],"ComputerName":"DESKTOP-OIK0QOH","Duration":"00:00:00.0223320","StartTime":"2024-04-02T10:23:21.9544548+00:00","EndTime":"2024-04-02T10:23:21.9767861+00:00","Properties":[{"Key":{"Id":"NUnit.Seed","Label":"Seed","Category":"","Description":"","Attributes":0,"ValueType":"System.String"},"Value":"866812720"}]},{"TestCase":{"Id":"366bcf26-07cc-aaed-5496-a5bb0176448b","FullyQualifiedName":"HouseRentingSystem.Tests.UnitTests.HouseServiceTests.Leave_ShouldRentHouseSuccessfully","DisplayName":"Leave_ShouldRentHouseSuccessfully","ExecutorUri":"executor://NUnit3TestExecutor","Source":"D:\\BackEndMarch\\12-Continuous-Integration-II-Resources\\02-House-Renting-System-App\\HouseRentingSystem.Tests\\bin\\Debug\\net6.0\\fine-code-coverage\\build-output\\HouseRentingSystem.Tests.dll","CodeFilePath":null,"LineNumber":0,"Properties":[{"Key":{"Id":"NUnit.Seed","Label":"Seed","Category":"","Description":"","Attributes":0,"ValueType":"System.String"},"Value":"705039562"}]},"Attachments":[],"Outcome":1,"ErrorMessage":null,"ErrorStackTrace":null,"DisplayName":"Leave_ShouldRentHouseSuccessfully","Messages":[],"ComputerName":"DESKTOP-OIK0QOH","Duration":"00:00:00.0021740","StartTime":"2024-04-02T10:23:21.9768363+00:00","EndTime":"2024-04-02T10:23:21.97901+00:00","Properties":[{"Key":{"Id":"NUnit.Seed","Label":"Seed","Category":"","Description":"","Attributes":0,"ValueType":"System.String"},"Value":"705039562"}]},{"TestCase":{"Id":"89e1385f-2b92-6d90-e4f5-6eaab5e47f5a","FullyQualifiedName":"HouseRentingSystem.Tests.UnitTests.HouseServiceTests.Rent_ShouldRentHouseSuccessfully","DisplayName":"Rent_ShouldRentHouseSuccessfully","ExecutorUri":"executor://NUnit3TestExecutor","Source":"D:\\BackEndMarch\\12-Continuous-Integration-II-Resources\\02-House-Renting-System-App\\HouseRentingSystem.Tests\\bin\\Debug\\net6.0\\fine-code-coverage\\build-output\\HouseRentingSystem.Tests.dll","CodeFilePath":null,"LineNumber":0,"Properties":[{"Key":{"Id":"NUnit.Seed","Label":"Seed","Category":"","Description":"","Attributes":0,"ValueType":"System.String"},"Value":"1406578016"}]},"Attachments":[],"Outcome":1,"ErrorMessage":null,"ErrorStackTrace":null,"DisplayName":"Rent_ShouldRentHouseSuccessfully","Messages":[],"ComputerName":"DESKTOP-OIK0QOH","Duration":"00:00:00.0012950","StartTime":"2024-04-02T10:23:21.9790321+00:00","EndTime":"2024-04-02T10:23:21.9803269+00:00","Properties":[{"Key":{"Id":"NUnit.Seed","Label":"Seed","Category":"","Description":"","Attributes":0,"ValueType":"System.String"},"Value":"1406578016"}]},{"TestCase":{"Id":"5e72453d-8ffd-8ba2-4595-59df8919ec29","FullyQualifiedName":"HouseRentingSystem.Tests.UnitTests.RentServiceTests.All_ShouldReturnCorrectData","DisplayName":"All_ShouldReturnCorrectData","ExecutorUri":"executor://NUnit3TestExecutor","Source":"D:\\BackEndMarch\\12-Continuous-Integration-II-Resources\\02-House-Renting-System-App\\HouseRentingSystem.Tests\\bin\\Debug\\net6.0\\fine-code-coverage\\build-output\\HouseRentingSystem.Tests.dll","CodeFilePath":null,"LineNumber":0,"Properties":[{"Key":{"Id":"NUnit.Seed","Label":"Seed","Category":"","Description":"","Attributes":0,"ValueType":"System.String"},"Value":"1901429153"}]},"Attachments":[],"Outcome":1,"ErrorMessage":null,"ErrorStackTrace":null,"DisplayName":"All_ShouldReturnCorrectData","Messages":[],"ComputerName":"DESKTOP-OIK0QOH","Duration":"00:00:00.0495160","StartTime":"2024-04-02T10:23:22.0177999+00:00","EndTime":"2024-04-02T10:23:22.0673163+00:00","Properties":[{"Key":{"Id":"NUnit.Seed","Label":"Seed","Category":"","Description":"","Attributes":0,"ValueType":"System.String"},"Value":"1901429153"}]},{"TestCase":{"Id":"21df9aa2-281c-b502-d302-f0b56e5b90de","FullyQualifiedName":"HouseRentingSystem.Tests.UnitTests.StatisticsServiceTests.Total_ShouldReturnCorrectCounts","DisplayName":"Total_ShouldReturnCorrectCounts","ExecutorUri":"executor://NUnit3TestExecutor","Source":"D:\\BackEndMarch\\12-Continuous-Integration-II-Resources\\02-House-Renting-System-App\\HouseRentingSystem.Tests\\bin\\Debug\\net6.0\\fine-code-coverage\\build-output\\HouseRentingSystem.Tests.dll","CodeFilePath":null,"LineNumber":0,"Properties":[{"Key":{"Id":"NUnit.Seed","Label":"Seed","Category":"","Description":"","Attributes":0,"ValueType":"System.String"},"Value":"1787820258"}]},"Attachments":[],"Outcome":1,"ErrorMessage":null,"ErrorStackTrace":null,"DisplayName":"Total_ShouldReturnCorrectCounts","Messages":[],"ComputerName":"DESKTOP-OIK0QOH","Duration":"00:00:00.0012090","StartTime":"2024-04-02T10:23:22.0747258+00:00","EndTime":"2024-04-02T10:23:22.0759346+00:00","Properties":[{"Key":{"Id":"NUnit.Seed","Label":"Seed","Category":"","Description":"","Attributes":0,"ValueType":"System.String"},"Value":"1787820258"}]},{"TestCase":{"Id":"2d1d8946-c9ba-2471-16b8-4864295b37bc","FullyQualifiedName":"HouseRentingSystem.Tests.UnitTests.UserServiceTests.All_ShouldReturnCorrectUsersAndAgents","DisplayName":"All_ShouldReturnCorrectUsersAndAgents","ExecutorUri":"executor://NUnit3TestExecutor","Source":"D:\\BackEndMarch\\12-Continuous-Integration-II-Resources\\02-House-Renting-System-App\\HouseRentingSystem.Tests\\bin\\Debug\\net6.0\\fine-code-coverage\\build-output\\HouseRentingSystem.Tests.dll","CodeFilePath":null,"LineNumber":0,"Properties":[{"Key":{"Id":"NUnit.Seed","Label":"Seed","Category":"","Description":"","Attributes":0,"ValueType":"System.String"},"Value":"159628443"}]},"Attachments":[],"Outcome":1,"ErrorMessage":null,"ErrorStackTrace":null,"DisplayName":"All_ShouldReturnCorrectUsersAndAgents","Messages":[],"ComputerName":"DESKTOP-OIK0QOH","Duration":"00:00:00.0269840","StartTime":"2024-04-02T10:23:22.0791643+00:00","EndTime":"2024-04-02T10:23:22.1061487+00:00","Properties":[{"Key":{"Id":"NUnit.Seed","Label":"Seed","Category":"","Description":"","Attributes":0,"ValueType":"System.String"},"Value":"159628443"}]},{"TestCase":{"Id":"94dee587-4520-7686-aec8-d742cb4e49b2","FullyQualifiedName":"HouseRentingSystem.Tests.UnitTests.UserServiceTests.UserFullName_ShouldReturnCorrectResult","DisplayName":"UserFullName_ShouldReturnCorrectResult","ExecutorUri":"executor://NUnit3TestExecutor","Source":"D:\\BackEndMarch\\12-Continuous-Integration-II-Resources\\02-House-Renting-System-App\\HouseRentingSystem.Tests\\bin\\Debug\\net6.0\\fine-code-coverage\\build-output\\HouseRentingSystem.Tests.dll","CodeFilePath":null,"LineNumber":0,"Properties":[{"Key":{"Id":"NUnit.Seed","Label":"Seed","Category":"","Description":"","Attributes":0,"ValueType":"System.String"},"Value":"782879455"}]},"Attachments":[],"Outcome":1,"ErrorMessage":null,"ErrorStackTrace":null,"DisplayName":"UserFullName_ShouldReturnCorrectResult","Messages":[],"ComputerName":"DESKTOP-OIK0QOH","Duration":"00:00:00.0002220","StartTime":"2024-04-02T10:23:22.1062065+00:00","EndTime":"2024-04-02T10:23:22.1064282+00:00","Properties":[{"Key":{"Id":"NUnit.Seed","Label":"Seed","Category":"","Description":"","Attributes":0,"ValueType":"System.String"},"Value":"782879455"}]},{"TestCase":{"Id":"76bccacd-8a4b-1fa8-0305-06b648d873d8","FullyQualifiedName":"HouseRentingSystem.Tests.UnitTests.UserServiceTests.UserHasRents_ShouldReturnTrue_WithValidData","DisplayName":"UserHasRents_ShouldReturnTrue_WithValidData","ExecutorUri":"executor://NUnit3TestExecutor","Source":"D:\\BackEndMarch\\12-Continuous-Integration-II-Resources\\02-House-Renting-System-App\\HouseRentingSystem.Tests\\bin\\Debug\\net6.0\\fine-code-coverage\\build-output\\HouseRentingSystem.Tests.dll","CodeFilePath":null,"LineNumber":0,"Properties":[{"Key":{"Id":"NUnit.Seed","Label":"Seed","Category":"","Description":"","Attributes":0,"ValueType":"System.String"},"Value":"510256700"}]},"Attachments":[],"Outcome":1,"ErrorMessage":null,"ErrorStackTrace":null,"DisplayName":"UserHasRents_ShouldReturnTrue_WithValidData","Messages":[],"ComputerName":"DESKTOP-OIK0QOH","Duration":"00:00:00.0050690","StartTime":"2024-04-02T10:23:22.1065325+00:00","EndTime":"2024-04-02T10:23:22.1116008+00:00","Properties":[{"Key":{"Id":"NUnit.Seed","Label":"Seed","Category":"","Description":"","Attributes":0,"ValueType":"System.String"},"Value":"510256700"}]}],"TestRunStatistics":{"ExecutedTests":29,"Stats":{"Passed":29}},"ActiveTests":[]},"RunAttachments":[],"ExecutorUris":["executor://nunit3testexecutor/"]}}
TpTrace Verbose: 0 : 14680, 7, 2024/04/02, 13:23:22.147, 104248870195, vstest.console.dll, TestRequestSender.EndSession: Sending end session.
TpTrace Verbose: 0 : 14680, 7, 2024/04/02, 13:23:22.147, 104248872194, vstest.console.dll, ProxyOperationManager.Close: waiting for test host to exit for 100 ms
TpTrace Warning: 0 : 14680, 7, 2024/04/02, 13:23:22.253, 104249929960, vstest.console.dll, ProxyOperationManager: Timed out waiting for test host to exit. Will terminate process.
TpTrace Information: 0 : 14680, 7, 2024/04/02, 13:23:22.253, 104249931499, vstest.console.dll, SocketServer.Stop: Stop server endPoint: 127.0.0.1:52123
TpTrace Information: 0 : 14680, 7, 2024/04/02, 13:23:22.253, 104249931974, vstest.console.dll, SocketServer.Stop: Cancellation requested. Stopping message loop.
TpTrace Information: 0 : 14680, 7, 2024/04/02, 13:23:22.253, 104249933538, vstest.console.dll, Closing the connection
TpTrace Verbose: 0 : 14680, 11, 2024/04/02, 13:23:22.303, 104250432651, vstest.console.dll, TestHostManagerCallbacks.ctor: Experimental forwarding output is disabled.
TpTrace Warning: 0 : 14680, 11, 2024/04/02, 13:23:22.303, 104250433702, vstest.console.dll, TestHostManagerCallbacks.ErrorReceivedCallback Test host standard error line: 
TpTrace Verbose: 0 : 14680, 7, 2024/04/02, 13:23:22.314, 104250537801, vstest.console.dll, TestHostProvider.ExitCallBack: Host exited starting callback.
TpTrace Information: 0 : 14680, 7, 2024/04/02, 13:23:22.314, 104250539098, vstest.console.dll, TestHostManagerCallbacks.ExitCallBack: Testhost processId: 14876 exited with exitcode: 0 error: ''
TpTrace Verbose: 0 : 14680, 7, 2024/04/02, 13:23:22.314, 104250539562, vstest.console.dll, DotnetTestHostManager.OnHostExited: invoking OnHostExited callback
TpTrace Verbose: 0 : 14680, 7, 2024/04/02, 13:23:22.314, 104250540096, vstest.console.dll, CrossPlatEngine.TestHostManagerHostExited: calling on client process exit callback.
TpTrace Information: 0 : 14680, 7, 2024/04/02, 13:23:22.314, 104250540572, vstest.console.dll, TestRequestSender.OnClientProcessExit: Test host process exited. Standard error: 
TpTrace Information: 0 : 14680, 7, 2024/04/02, 13:23:22.314, 104250541008, vstest.console.dll, SocketServer.Stop: Stop server endPoint: 127.0.0.1:52123
TpTrace Information: 0 : 14680, 7, 2024/04/02, 13:23:22.314, 104250541311, vstest.console.dll, SocketServer.Stop: Cancellation requested. Stopping message loop.
TpTrace Verbose: 0 : 14680, 7, 2024/04/02, 13:23:22.314, 104250541715, vstest.console.dll, MulticastDelegateUtilities.SafeInvoke: HostProviderEvents.OnHostExited: Invoking callback 1/1 for Microsoft.VisualStudio.TestPlatform.CrossPlatEngine.Client.ProxyOperationManager., took 0 ms.
TpTrace Verbose: 0 : 14680, 7, 2024/04/02, 13:23:22.314, 104250543869, vstest.console.dll, ProxyDataCollectionManager.InvokeDataCollectionServiceAction: Starting.
TpTrace Information: 0 : 14680, 7, 2024/04/02, 13:23:22.315, 104250544340, vstest.console.dll, ProxyDataCollectionManager.AfterTestRunEnd: Get attachment set and invoked data collectors processId: 1956 port: 52120
TpTrace Verbose: 0 : 14680, 7, 2024/04/02, 13:23:22.315, 104250544843, vstest.console.dll, DataCollectionRequestSender.SendAfterTestRunStartAndGetResult: Send AfterTestRunEnd message with isCancelled: False
TpTrace Verbose: 0 : 14680, 7, 2024/04/02, 13:23:22.322, 104250615252, vstest.console.dll, DataCollectionRequestSender.SendAfterTestRunStartAndGetResult: Received message: (DataCollection.AfterTestRunEndResult) -> {"MessageType":"DataCollection.AfterTestRunEndResult","Payload":{"AttachmentSets":[],"InvokedDataCollectors":[{"Uri":"datacollector://Microsoft/TestPlatform/Extensions/Blame/v1","FriendlyName":"Blame","AssemblyQualifiedName":"Microsoft.TestPlatform.Extensions.BlameDataCollector.BlameCollector, Microsoft.TestPlatform.Extensions.BlameDataCollector, Version=15.0.0.0, Culture=neutral, PublicKeyToken=b03f5f7f11d50a3a","FilePath":"C:\\Program Files\\dotnet\\sdk\\8.0.100\\Extensions\\Microsoft.TestPlatform.Extensions.BlameDataCollector.dll","HasAttachmentProcessor":false}],"Metrics":{}}}
TpTrace Information: 0 : 14680, 7, 2024/04/02, 13:23:22.327, 104250667861, vstest.console.dll, ProxyDataCollectionManager.InvokeDataCollectionServiceAction: Completed.
TpTrace Warning: 0 : 14680, 10, 2024/04/02, 13:23:22.356, 104250954161, vstest.console.dll, DataCollectionLauncher.ErrorReceivedCallback datacollector standard error line: 
TpTrace Verbose: 0 : 14680, 7, 2024/04/02, 13:23:22.361, 104251007064, vstest.console.dll, TestRunRequest:SendTestRunStatsChange: Starting.
TpTrace Verbose: 0 : 14680, 7, 2024/04/02, 13:23:22.361, 104251008403, vstest.console.dll, MulticastDelegateUtilities.SafeInvoke: TestRun.RunStatsChanged: Invoking callbacks was skipped because there are no subscribers.
TpTrace Information: 0 : 14680, 7, 2024/04/02, 13:23:22.361, 104251009465, vstest.console.dll, TestRunRequest:SendTestRunStatsChange: Completed.
TpTrace Verbose: 0 : 14680, 4, 2024/04/02, 13:23:22.361, 104251008958, vstest.console.dll, MulticastDelegateUtilities.SafeInvoke: InternalTestLoggerEvents.SendTestResult: Invoking callback 1/1 for Microsoft.VisualStudio.TestPlatform.CommandLine.Internal.ConsoleLogger., took 0 ms.
TpTrace Verbose: 0 : 14680, 4, 2024/04/02, 13:23:22.361, 104251010706, vstest.console.dll, MulticastDelegateUtilities.SafeInvoke: InternalTestLoggerEvents.SendTestResult: Invoking callback 1/1 for Microsoft.VisualStudio.TestPlatform.CommandLine.Internal.ConsoleLogger., took 0 ms.
TpTrace Verbose: 0 : 14680, 4, 2024/04/02, 13:23:22.361, 104251011236, vstest.console.dll, MulticastDelegateUtilities.SafeInvoke: InternalTestLoggerEvents.SendTestResult: Invoking callback 1/1 for Microsoft.VisualStudio.TestPlatform.CommandLine.Internal.ConsoleLogger., took 0 ms.
TpTrace Verbose: 0 : 14680, 4, 2024/04/02, 13:23:22.361, 104251011688, vstest.console.dll, MulticastDelegateUtilities.SafeInvoke: InternalTestLoggerEvents.SendTestResult: Invoking callback 1/1 for Microsoft.VisualStudio.TestPlatform.CommandLine.Internal.ConsoleLogger., took 0 ms.
TpTrace Verbose: 0 : 14680, 4, 2024/04/02, 13:23:22.361, 104251012109, vstest.console.dll, MulticastDelegateUtilities.SafeInvoke: InternalTestLoggerEvents.SendTestResult: Invoking callback 1/1 for Microsoft.VisualStudio.TestPlatform.CommandLine.Internal.ConsoleLogger., took 0 ms.
TpTrace Verbose: 0 : 14680, 7, 2024/04/02, 13:23:22.361, 104251012492, vstest.console.dll, ParallelProxyExecutionManager: HandlePartialRunComplete: Total workloads = 1, Total started clients = 1 Total completed clients = 1, Run complete = True, Run canceled: False.
TpTrace Verbose: 0 : 14680, 7, 2024/04/02, 13:23:22.361, 104251012978, vstest.console.dll, ParallelProxyExecutionManager: HandlePartialRunComplete: All runs completed stopping all managers.
TpTrace Verbose: 0 : 14680, 7, 2024/04/02, 13:23:22.361, 104251013363, vstest.console.dll, ParallelOperationManager.StopAllManagers: Stopping all managers.
TpTrace Verbose: 0 : 14680, 7, 2024/04/02, 13:23:22.361, 104251013716, vstest.console.dll, ParallelOperationManager.ClearSlots: Clearing all slots. Slots should accept more work: False
TpTrace Verbose: 0 : 14680, 7, 2024/04/02, 13:23:22.362, 104251014201, vstest.console.dll, ParallelOperationManager.SetOccupiedSlotCount: Setting slot counts AvailableSlotCount = 1, OccupiedSlotCount = 0.
TpTrace Verbose: 0 : 14680, 7, 2024/04/02, 13:23:22.362, 104251014785, vstest.console.dll, Occupied slots:

TpTrace Verbose: 0 : 14680, 4, 2024/04/02, 13:23:22.361, 104251012529, vstest.console.dll, MulticastDelegateUtilities.SafeInvoke: InternalTestLoggerEvents.SendTestResult: Invoking callback 1/1 for Microsoft.VisualStudio.TestPlatform.CommandLine.Internal.ConsoleLogger., took 0 ms.
TpTrace Verbose: 0 : 14680, 4, 2024/04/02, 13:23:22.363, 104251028399, vstest.console.dll, MulticastDelegateUtilities.SafeInvoke: InternalTestLoggerEvents.SendTestResult: Invoking callback 1/1 for Microsoft.VisualStudio.TestPlatform.CommandLine.Internal.ConsoleLogger., took 1 ms.
TpTrace Verbose: 0 : 14680, 4, 2024/04/02, 13:23:22.363, 104251029742, vstest.console.dll, MulticastDelegateUtilities.SafeInvoke: InternalTestLoggerEvents.SendTestResult: Invoking callback 1/1 for Microsoft.VisualStudio.TestPlatform.CommandLine.Internal.ConsoleLogger., took 0 ms.
TpTrace Verbose: 0 : 14680, 4, 2024/04/02, 13:23:22.363, 104251030410, vstest.console.dll, MulticastDelegateUtilities.SafeInvoke: InternalTestLoggerEvents.SendTestResult: Invoking callback 1/1 for Microsoft.VisualStudio.TestPlatform.CommandLine.Internal.ConsoleLogger., took 0 ms.
TpTrace Information: 0 : 14680, 10, 2024/04/02, 13:23:22.367, 104251066449, vstest.console.dll, DataCollectionLauncher.ExitCallBack: Data collector exited with exitcode: 0 error: ''
TpTrace Verbose: 0 : 14680, 4, 2024/04/02, 13:23:22.372, 104251115773, vstest.console.dll, MulticastDelegateUtilities.SafeInvoke: InternalTestLoggerEvents.SendTestRunComplete: Invoking callback 1/2 for Microsoft.TestPlatform.Extensions.BlameDataCollector.BlameLogger., took 0 ms.
TpTrace Verbose: 0 : 14680, 4, 2024/04/02, 13:23:22.378, 104251178433, vstest.console.dll, MulticastDelegateUtilities.SafeInvoke: InternalTestLoggerEvents.SendTestRunComplete: Invoking callback 2/2 for Microsoft.VisualStudio.TestPlatform.CommandLine.Internal.ConsoleLogger., took 6 ms.
TpTrace Verbose: 0 : 14680, 7, 2024/04/02, 13:23:22.378, 104251182343, vstest.console.dll, TestRunRequest:TestRunComplete: Starting. IsAborted:False IsCanceled:False.
TpTrace Verbose: 0 : 14680, 7, 2024/04/02, 13:23:22.379, 104251184217, vstest.console.dll, ParallelOperationManager.DoActionOnAllManagers: Calling an action on all managers.
TpTrace Verbose: 0 : 14680, 7, 2024/04/02, 13:23:22.380, 104251200750, vstest.console.dll, TestLoggerManager.HandleTestRunComplete: Ignoring as the object is disposed.
TpTrace Verbose: 0 : 14680, 7, 2024/04/02, 13:23:22.380, 104251203601, vstest.console.dll, MulticastDelegateUtilities.SafeInvoke: TestRun.TestRunComplete: Invoking callback 1/2 for Microsoft.VisualStudio.TestPlatform.CommandLine.TestRunResultAggregator., took 0 ms.
TpTrace Verbose: 0 : 14680, 7, 2024/04/02, 13:23:22.381, 104251205123, vstest.console.dll, MulticastDelegateUtilities.SafeInvoke: TestRun.TestRunComplete: Invoking callback 2/2 for Microsoft.VisualStudio.TestPlatform.CommandLine.Processors.RunTestsArgumentExecutor+TestRunRequestEventsRegistrar., took 0 ms.
TpTrace Information: 0 : 14680, 7, 2024/04/02, 13:23:22.381, 104251206277, vstest.console.dll, TestRunRequest:TestRunComplete: Completed.
TpTrace Verbose: 0 : 14680, 1, 2024/04/02, 13:23:22.381, 104251206602, vstest.console.dll, TestRunRequest.Dispose: Starting.
TpTrace Verbose: 0 : 14680, 7, 2024/04/02, 13:23:22.381, 104251206765, vstest.console.dll, TestRequestSender.SetOperationComplete: Setting operation complete.
TpTrace Information: 0 : 14680, 7, 2024/04/02, 13:23:22.381, 104251208112, vstest.console.dll, SocketServer.Stop: Stop server endPoint: 127.0.0.1:52123
TpTrace Information: 0 : 14680, 7, 2024/04/02, 13:23:22.381, 104251208644, vstest.console.dll, SocketServer.Stop: Cancellation requested. Stopping message loop.
TpTrace Verbose: 0 : 14680, 7, 2024/04/02, 13:23:22.381, 104251209101, vstest.console.dll, MulticastDelegateUtilities.SafeInvoke: LengthPrefixCommunicationChannel: MessageReceived: Invoking callback 1/1 for Microsoft.VisualStudio.TestPlatform.CommunicationUtilities.TestRequestSender+<>c__DisplayClass34_0., took 237 ms.
TpTrace Information: 0 : 14680, 1, 2024/04/02, 13:23:22.381, 104251207554, vstest.console.dll, TestRunRequest.Dispose: Completed.
TpTrace Information: 0 : 14680, 7, 2024/04/02, 13:23:22.381, 104251209969, vstest.console.dll, SocketServer.PrivateStop: Stopping server endPoint: 127.0.0.1:52123 error: 
TpTrace Information: 0 : 14680, 1, 2024/04/02, 13:23:22.381, 104251210761, vstest.console.dll, TestRequestManager.RunTests: run tests completed.
TpTrace Information: 0 : 14680, 1, 2024/04/02, 13:23:22.381, 104251212173, vstest.console.dll, RunTestsArgumentProcessor:Execute: Test run is completed.
TpTrace Verbose: 0 : 14680, 1, 2024/04/02, 13:23:22.382, 104251214696, vstest.console.dll, Executor.Execute: Exiting with exit code of 0
TpTrace Verbose: 0 : 14680, 7, 2024/04/02, 13:23:22.382, 104251215060, vstest.console.dll, LengthPrefixCommunicationChannel.Dispose: Dispose reader and writer.
TpTrace Information: 0 : 14680, 7, 2024/04/02, 13:23:22.382, 104251215994, vstest.console.dll, SocketServer.Stop: Raise disconnected event endPoint: 127.0.0.1:52123 error: 
TpTrace Verbose: 0 : 14680, 7, 2024/04/02, 13:23:22.382, 104251216944, vstest.console.dll, TestRequestSender: OnTestRunAbort: Operation is already complete. Skip error message.
TpTrace Verbose: 0 : 14680, 7, 2024/04/02, 13:23:22.382, 104251217349, vstest.console.dll, MulticastDelegateUtilities.SafeInvoke: SocketServer: ClientDisconnected: Invoking callback 1/1 for Microsoft.VisualStudio.TestPlatform.CommunicationUtilities.TestRequestSender., took 0 ms.
TpTrace Verbose: 0 : 14680, 7, 2024/04/02, 13:23:22.382, 104251217724, vstest.console.dll, TcpClientExtensions.MessageLoopAsync: exiting MessageLoopAsync remoteEndPoint: 127.0.0.1:52124 localEndPoint: 127.0.0.1:52123
